[2025-12-08 01:35:33] [ERROR] [EFAB21] [BOOTSTRAP] Failed to load module /var/www/trenchcity/core/modules/Router.php: syntax error, unexpected identifier "route_get", expecting "("
[2025-12-08 01:35:34] [ERROR] [7EE30E] [BOOTSTRAP] Failed to load module /var/www/trenchcity/core/modules/Router.php: syntax error, unexpected identifier "route_get", expecting "("
[2025-12-08 01:35:35] [ERROR] [4C1752] [BOOTSTRAP] Failed to load module /var/www/trenchcity/core/modules/Router.php: syntax error, unexpected identifier "route_get", expecting "("
[2025-12-08 01:35:36] [ERROR] [C73826] [BOOTSTRAP] Failed to load module /var/www/trenchcity/core/modules/Router.php: syntax error, unexpected identifier "route_get", expecting "("
[2025-12-08 01:36:09] [ERROR] [ACFC93] [BOOTSTRAP] Failed to load module /var/www/trenchcity/core/modules/Router.php: syntax error, unexpected identifier "route_get", expecting "("
[2025-12-08 01:36:11] [ERROR] [EE3666] [BOOTSTRAP] Failed to load module /var/www/trenchcity/core/modules/Router.php: syntax error, unexpected identifier "route_get", expecting "("
[2025-12-08 01:36:12] [ERROR] [8F3D45] [BOOTSTRAP] Failed to load module /var/www/trenchcity/core/modules/Router.php: syntax error, unexpected identifier "route_get", expecting "("
[2025-12-08 01:36:14] [ERROR] [10FC20] [BOOTSTRAP] Failed to load module /var/www/trenchcity/core/modules/Router.php: syntax error, unexpected identifier "route_get", expecting "("
[2025-12-08 01:36:15] [ERROR] [EE1715] [BOOTSTRAP] Failed to load module /var/www/trenchcity/core/modules/Router.php: syntax error, unexpected identifier "route_get", expecting "("
[2025-12-08 01:39:48] [ERROR] [AC4D86] [BOOTSTRAP] ⚠️ Failed to load module /var/www/trenchcity/core/modules/Router.php: syntax error, unexpected identifier "route_get", expecting "("
[2025-12-08 01:39:49] [ERROR] [3F84B2] [BOOTSTRAP] ⚠️ Failed to load module /var/www/trenchcity/core/modules/Router.php: syntax error, unexpected identifier "route_get", expecting "("
[2025-12-08 01:39:50] [ERROR] [AE43EE] [BOOTSTRAP] ⚠️ Failed to load module /var/www/trenchcity/core/modules/Router.php: syntax error, unexpected identifier "route_get", expecting "("
[2025-12-08 01:39:51] [ERROR] [AF53A8] [BOOTSTRAP] ⚠️ Failed to load module /var/www/trenchcity/core/modules/Router.php: syntax error, unexpected identifier "route_get", expecting "("
[2025-12-08 01:39:55] [ERROR] [A43F76] [BOOTSTRAP] ⚠️ Failed to load module /var/www/trenchcity/core/modules/Router.php: syntax error, unexpected identifier "route_get", expecting "("
[2025-12-08 01:39:56] [ERROR] [F12C36] [BOOTSTRAP] ⚠️ Failed to load module /var/www/trenchcity/core/modules/Router.php: syntax error, unexpected identifier "route_get", expecting "("
[2025-12-08 01:39:56] [ERROR] [398F2E] [BOOTSTRAP] ⚠️ Failed to load module /var/www/trenchcity/core/modules/Router.php: syntax error, unexpected identifier "route_get", expecting "("
[2025-12-08 01:39:57] [ERROR] [1D1D10] [BOOTSTRAP] ⚠️ Failed to load module /var/www/trenchcity/core/modules/Router.php: syntax error, unexpected identifier "route_get", expecting "("
[2025-12-08 01:39:57] [ERROR] [4F06FA] [BOOTSTRAP] ⚠️ Failed to load module /var/www/trenchcity/core/modules/Router.php: syntax error, unexpected identifier "route_get", expecting "("
[2025-12-08 01:39:58] [ERROR] [2047CE] [BOOTSTRAP] ⚠️ Failed to load module /var/www/trenchcity/core/modules/Router.php: syntax error, unexpected identifier "route_get", expecting "("
[2025-12-08 01:39:58] [ERROR] [4D0AE2] [BOOTSTRAP] ⚠️ Failed to load module /var/www/trenchcity/core/modules/Router.php: syntax error, unexpected identifier "route_get", expecting "("
[2025-12-08 01:39:58] [ERROR] [593E1F] [BOOTSTRAP] ⚠️ Failed to load module /var/www/trenchcity/core/modules/Router.php: syntax error, unexpected identifier "route_get", expecting "("
[2025-12-08 01:39:58] [ERROR] [B780B7] [BOOTSTRAP] ⚠️ Failed to load module /var/www/trenchcity/core/modules/Router.php: syntax error, unexpected identifier "route_get", expecting "("
[2025-12-08 01:39:59] [ERROR] [5E53FC] [BOOTSTRAP] ⚠️ Failed to load module /var/www/trenchcity/core/modules/Router.php: syntax error, unexpected identifier "route_get", expecting "("
[2025-12-08 01:40:01] [ERROR] [DD79FE] [BOOTSTRAP] ⚠️ Failed to load module /var/www/trenchcity/core/modules/Router.php: syntax error, unexpected identifier "route_get", expecting "("
[2025-12-08 01:40:10] [ERROR] [297683] [BOOTSTRAP] ⚠️ Failed to load module /var/www/trenchcity/core/modules/Router.php: syntax error, unexpected identifier "route_get", expecting "("
[2025-12-08 01:44:54] [ERROR] [2EC44D] [BOOTSTRAP] ⚠️ Failed to load module /var/www/trenchcity/core/modules/Router.php: syntax error, unexpected identifier "route_get", expecting "("
[2025-12-08 01:45:04] [ERROR] [18A4EF] [BOOTSTRAP] ⚠️ Failed to load module /var/www/trenchcity/core/modules/Router.php: syntax error, unexpected identifier "route_get", expecting "("
[2025-12-08 01:50:22] [ERROR] [8F4BCE] [BOOTSTRAP] ❌ Failed to load /var/www/trenchcity/core/modules/Router.php: syntax error, unexpected identifier "route_get", expecting "("
[2025-12-08 01:50:32] [ERROR] [A626EA] [BOOTSTRAP] ❌ Failed to load /var/www/trenchcity/core/modules/Router.php: syntax error, unexpected identifier "route_get", expecting "("
