[2025-12-08 00:59:11] [FATAL] [7F1856] [ERR-20251208-2C58D0] 💀 Fatal: Uncaught Error: Call to undefined function route_get() in Command line code:1
Stack trace:
#0 {main}
  thrown in Command line code:1
[2025-12-08 00:59:17] [FATAL] [265454] [ERR-20251208-D8B9A9] 💀 Fatal: Uncaught Error: Call to undefined function route_get() in Command line code:1
Stack trace:
#0 {main}
  thrown in Command line code:1
[2025-12-08 00:59:22] [FATAL] [C57DA5] [ERR-20251208-583583] 💀 Fatal: Uncaught Error: Call to undefined function route_get() in Command line code:1
Stack trace:
#0 {main}
  thrown in Command line code:1
[2025-12-08 00:59:23] [FATAL] [99B16D] [ERR-20251208-846E35] 💀 Fatal: Uncaught Error: Call to undefined function route_get() in Command line code:1
Stack trace:
#0 {main}
  thrown in Command line code:1
[2025-12-08 00:59:45] [FATAL] [DBACCB] [ERR-20251208-3D59ED] 💀 Fatal: Uncaught Error: Call to undefined function route_get() in Command line code:1
Stack trace:
#0 {main}
  thrown in Command line code:1
[2025-12-08 01:10:34] [FATAL] [50EFAD] [ERR-20251208-0B4B86] 💀 Fatal: Uncaught Error: Call to undefined function route_cli() in Command line code:1
Stack trace:
#0 {main}
  thrown in Command line code:1
[2025-12-08 01:10:40] [FATAL] [067757] [ERR-20251208-23CF82] 💀 Fatal: Uncaught Error: Call to undefined function route_cli() in Command line code:1
Stack trace:
#0 {main}
  thrown in Command line code:1
[2025-12-08 01:18:52] [FATAL] [7B2D41] [ERR-20251208-C64D16] 💀 Fatal: Uncaught Error: Call to undefined function route_cli() in Command line code:1
Stack trace:
#0 {main}
  thrown in Command line code:1
[2025-12-08 01:18:56] [FATAL] [8F49EC] [ERR-20251208-99A287] 💀 Fatal: Uncaught Error: Call to undefined function route_cli() in Command line code:1
Stack trace:
#0 {main}
  thrown in Command line code:1
[2025-12-08 01:24:54] [FATAL] [775BE2] [ERR-20251208-886949] 💀 Fatal: Uncaught Error: Call to undefined function route_cli() in Command line code:1
Stack trace:
#0 {main}
  thrown in Command line code:1
[2025-12-08 01:31:00] [FATAL] [47B42F] [ERR-20251208-FBE409] 💀 Fatal: Uncaught Error: Call to undefined function route_cli() in Command line code:1
Stack trace:
#0 {main}
  thrown in Command line code:1
[2025-12-08 01:40:10] [FATAL] [3EA42C] [ERR-20251208-6D1750] 💀 Fatal: Uncaught Error: Call to undefined function route_cli() in Command line code:1
Stack trace:
#0 {main}
  thrown in Command line code:1
[2025-12-08 01:45:04] [FATAL] [11D35F] [ERR-20251208-C1F4CC] 💀 Fatal: Uncaught Error: Call to undefined function route_cli() in Command line code:1
Stack trace:
#0 {main}
  thrown in Command line code:1
[2025-12-08 01:50:32] [FATAL] [685309] [ERR-20251208-49B83B] 💀 Fatal: Uncaught Error: Call to undefined function route_cli() in Command line code:1
Stack trace:
#0 {main}
  thrown in Command line code:1
[2025-12-08 03:03:13] [FATAL] [E32063] [ERR-20251208-F34B93] 💀 Fatal: Cannot redeclare load_env() (previously declared in /var/www/trenchcity/core/env.php:20) in /var/www/trenchcity/core/env.php:20
