[2025-12-08 00:27:06] [INFO] [8A22D9] [BOOT] Logging ready for Trench City (dev @ cli)
[2025-12-08 00:27:06] [INFO] [4F0F50] ✅ Global error handler registered (early bootstrap)
[2025-12-08 00:27:06] [INFO] [6A894B] ✅ DB connected successfully to 10.7.230.13:3306
[2025-12-08 00:32:32] [INFO] [8CCFC6] [BOOT] Logging ready for Trench City (dev @ cli)
[2025-12-08 00:32:32] [INFO] [2EB8B9] ✅ Global error handler registered (early bootstrap)
[2025-12-08 00:32:32] [INFO] [7AB8CE] ✅ DB connected successfully to 10.7.230.13:3306
[2025-12-08 00:32:32] [INFO] [3D104C] [AUDIT] Scan clean — no issues found.
[2025-12-08 00:32:32] [INFO] [3712E9] [AUDIT SUMMARY] 28 file(s) scanned, 0 issue(s) found.
[2025-12-08 00:36:02] [INFO] [DC9490] [BOOT] Logging ready for Trench City (dev @ cli)
[2025-12-08 00:36:02] [INFO] [736107] ✅ Global error handler registered (early bootstrap)
[2025-12-08 00:36:02] [INFO] [04F19C] ✅ DB connected successfully to 10.7.230.13:3306
[2025-12-08 00:36:02] [INFO] [1501EB] [AUDIT] Scan clean — no issues found.
[2025-12-08 00:36:02] [INFO] [60CCAD] [AUDIT SUMMARY] 28 file(s) scanned, 0 issue(s) found.
[2025-12-08 00:36:07] [INFO] [F74528] [BOOT] Logging ready for Trench City (dev @ cli)
[2025-12-08 00:36:07] [INFO] [FE47F7] ✅ Global error handler registered (early bootstrap)
[2025-12-08 00:36:07] [INFO] [6CB03C] ✅ DB connected successfully to 10.7.230.13:3306
[2025-12-08 00:36:07] [INFO] [623CE3] [BOOT] Logging ready for Trench City (dev @ cli)
[2025-12-08 00:36:07] [INFO] [21FBB6] ✅ Global error handler registered (early bootstrap)
[2025-12-08 00:36:07] [INFO] [67C168] ✅ DB connected successfully to 10.7.230.13:3306
[2025-12-08 00:36:07] [INFO] [F75878] [MAINT] Selftest completed with exit code 0
[2025-12-08 00:36:07] [INFO] [72C3E6] [MAINT] Log cleanup done, deleted 0 old log(s)
[2025-12-08 00:36:07] [INFO] [43B74C] [MAINT] Permissions fixed for log directory
[2025-12-08 00:36:07] [INFO] [B3909C] [MAINT] Telemetry heartbeat sent to Redis
[2025-12-08 00:36:07] [INFO] [0F7769] [MAINT] Daily maintenance completed successfully
[2025-12-08 00:36:11] [INFO] [9930C4] [BOOT] Logging ready for Trench City (dev @ cli)
[2025-12-08 00:36:11] [INFO] [4C08D9] ✅ Global error handler registered (early bootstrap)
[2025-12-08 00:36:11] [INFO] [42B7E0] ✅ DB connected successfully to 10.7.230.13:3306
[2025-12-08 00:36:12] [INFO] [44B2F0] [AUDIT] Scan clean — no issues found.
[2025-12-08 00:36:12] [INFO] [05A1ED] [AUDIT SUMMARY] 28 file(s) scanned, 0 issue(s) found.
[2025-12-08 00:52:28] [INFO] [191696] [BOOT] Logging ready for Trench City (dev @ cli)
[2025-12-08 00:52:28] [INFO] [8B1610] ✅ Global error handler registered (early bootstrap)
[2025-12-08 00:52:28] [INFO] [E198B5] ✅ DB connected successfully to 10.7.230.13:3306
[2025-12-08 00:52:28] [INFO] [8187A7] [AUDIT] Scan clean — no issues found.
[2025-12-08 00:52:28] [INFO] [24152A] [AUDIT SUMMARY] 28 file(s) scanned, 0 issue(s) found.
[2025-12-08 00:55:52] [INFO] [BBF77B] [BOOT] Logging ready for Trench City (dev @ cli)
[2025-12-08 00:55:52] [INFO] [914AC0] ✅ Global error handler registered (bootstrap)
[2025-12-08 00:55:52] [INFO] [5785A9] ✅ DB connected successfully to 10.7.230.13:3306
[2025-12-08 00:55:52] [INFO] [7A9EF7] [BOOT] Trench City Core initialized — ENV: dev | PHP 8.1.2-1ubuntu2.22 | UID 33
[2025-12-08 00:55:53] [INFO] [178A57] [AUDIT] Scan clean — no issues found.
[2025-12-08 00:55:53] [INFO] [7BE63A] [AUDIT SUMMARY] 28 file(s) scanned, 0 issue(s) found.
[2025-12-08 00:59:11] [INFO] [02E552] [BOOT] Logging ready for Trench City (dev @ cli)
[2025-12-08 00:59:11] [INFO] [BA5665] ✅ Global error handler registered (bootstrap)
[2025-12-08 00:59:11] [INFO] [865A04] ✅ DB connected successfully to 10.7.230.13:3306
[2025-12-08 00:59:11] [INFO] [C51794] [BOOT] Trench City Core initialized — ENV: dev | PHP 8.1.2-1ubuntu2.22 | UID 0
[2025-12-08 00:59:17] [INFO] [28C612] [BOOT] Logging ready for Trench City (dev @ cli)
[2025-12-08 00:59:17] [INFO] [DCA0C1] ✅ Global error handler registered (bootstrap)
[2025-12-08 00:59:17] [INFO] [243954] ✅ DB connected successfully to 10.7.230.13:3306
[2025-12-08 00:59:17] [INFO] [AFB01A] [BOOT] Trench City Core initialized — ENV: dev | PHP 8.1.2-1ubuntu2.22 | UID 0
[2025-12-08 00:59:22] [INFO] [F40F91] [BOOT] Logging ready for Trench City (dev @ cli)
[2025-12-08 00:59:22] [INFO] [84BAE4] ✅ Global error handler registered (bootstrap)
[2025-12-08 00:59:22] [INFO] [DF1607] ✅ DB connected successfully to 10.7.230.13:3306
[2025-12-08 00:59:22] [INFO] [B2A573] [BOOT] Trench City Core initialized — ENV: dev | PHP 8.1.2-1ubuntu2.22 | UID 0
[2025-12-08 00:59:23] [INFO] [688076] [BOOT] Logging ready for Trench City (dev @ cli)
[2025-12-08 00:59:23] [INFO] [750DAB] ✅ Global error handler registered (bootstrap)
[2025-12-08 00:59:23] [INFO] [011048] ✅ DB connected successfully to 10.7.230.13:3306
[2025-12-08 00:59:23] [INFO] [FC8037] [BOOT] Trench City Core initialized — ENV: dev | PHP 8.1.2-1ubuntu2.22 | UID 0
[2025-12-08 00:59:45] [INFO] [1D1310] [BOOT] Logging ready for Trench City (dev @ cli)
[2025-12-08 00:59:45] [INFO] [3BD772] ✅ Global error handler registered (bootstrap)
[2025-12-08 00:59:45] [INFO] [9A5715] ✅ DB connected successfully to 10.7.230.13:3306
[2025-12-08 00:59:45] [INFO] [067752] [BOOT] Trench City Core initialized — ENV: dev | PHP 8.1.2-1ubuntu2.22 | UID 0
[2025-12-08 01:01:22] [INFO] [D73179] [BOOT] Logging ready for Trench City (dev @ cli)
[2025-12-08 01:01:22] [INFO] [3EBDC5] ✅ Global error handler registered (bootstrap)
[2025-12-08 01:01:22] [INFO] [3BFEC4] [MODULE] Router initialized and ready
[2025-12-08 01:01:22] [INFO] [50E995] [MODULE] Loaded Router.php
[2025-12-08 01:01:22] [INFO] [FFE52B] ✅ 1 core module(s) loaded successfully
[2025-12-08 01:01:22] [INFO] [E91B39] ✅ DB connected successfully to 10.7.230.13:3306
[2025-12-08 01:01:22] [INFO] [4F2D80] [BOOT] Trench City Core initialized — ENV: dev | PHP 8.1.2-1ubuntu2.22 | UID 0
[2025-12-08 01:03:25] [INFO] [D51D09] [BOOT] Logging ready for Trench City (dev @ cli)
[2025-12-08 01:03:25] [INFO] [317BD1] ✅ Global error handler registered (bootstrap)
[2025-12-08 01:03:25] [INFO] [A16B74] [MODULE] Router initialized and ready
[2025-12-08 01:03:25] [INFO] [C26AFA] [MODULE] Loaded Router.php
[2025-12-08 01:03:25] [INFO] [A76DDC] ✅ 1 core module(s) loaded successfully
[2025-12-08 01:03:25] [INFO] [714B89] ✅ DB connected successfully to 10.7.230.13:3306
[2025-12-08 01:03:25] [INFO] [C68B23] [BOOT] Trench City Core initialized — ENV: dev | PHP 8.1.2-1ubuntu2.22 | UID 0
[2025-12-08 01:03:27] [INFO] [7EC3C1] [BOOT] Logging ready for Trench City (dev @ cli)
[2025-12-08 01:03:27] [INFO] [CDF014] ✅ Global error handler registered (bootstrap)
[2025-12-08 01:03:27] [INFO] [F4510B] [MODULE] Router initialized and ready
[2025-12-08 01:03:27] [INFO] [2321F0] [MODULE] Loaded Router.php
[2025-12-08 01:03:27] [INFO] [3D25D0] ✅ 1 core module(s) loaded successfully
[2025-12-08 01:03:27] [INFO] [80DF4E] ✅ DB connected successfully to 10.7.230.13:3306
[2025-12-08 01:03:27] [INFO] [16C237] [BOOT] Trench City Core initialized — ENV: dev | PHP 8.1.2-1ubuntu2.22 | UID 0
[2025-12-08 01:05:36] [INFO] [0B2C5E] [BOOT] Logging ready for Trench City (dev @ cli)
[2025-12-08 01:05:36] [INFO] [F8A9D3] ✅ Global error handler registered (bootstrap)
[2025-12-08 01:05:36] [INFO] [BA9929] [MODULE] Router initialized and ready
[2025-12-08 01:05:36] [INFO] [E9E4B3] [MODULE] Loaded Router.php
[2025-12-08 01:05:36] [INFO] [D459B0] ✅ 1 core module(s) loaded successfully
[2025-12-08 01:05:36] [INFO] [85F33F] ✅ DB connected successfully to 10.7.230.13:3306
[2025-12-08 01:05:36] [INFO] [749017] [BOOT] Trench City Core initialized — ENV: dev | PHP 8.1.2-1ubuntu2.22 | UID 0
[2025-12-08 01:10:34] [INFO] [E835AE] [BOOT] Logging ready for Trench City (dev @ cli)
[2025-12-08 01:10:34] [INFO] [D7C696] ✅ Global error handler registered (bootstrap)
[2025-12-08 01:10:34] [INFO] [45D019] ✅ 0 core module(s) loaded successfully
[2025-12-08 01:10:34] [INFO] [744CAB] ✅ DB connected successfully to 10.7.230.13:3306
[2025-12-08 01:10:34] [INFO] [B1CA8A] [BOOT] Trench City Core initialized — ENV: dev | PHP 8.1.2-1ubuntu2.22 | UID 0
[2025-12-08 01:10:40] [INFO] [8D87D3] [BOOT] Logging ready for Trench City (dev @ cli)
[2025-12-08 01:10:40] [INFO] [EA24B3] ✅ Global error handler registered (bootstrap)
[2025-12-08 01:10:40] [INFO] [819239] ✅ 0 core module(s) loaded successfully
[2025-12-08 01:10:40] [INFO] [78F39A] ✅ DB connected successfully to 10.7.230.13:3306
[2025-12-08 01:10:40] [INFO] [E13264] [BOOT] Trench City Core initialized — ENV: dev | PHP 8.1.2-1ubuntu2.22 | UID 0
[2025-12-08 01:18:52] [INFO] [F37346] [BOOT] Logging ready for Trench City (dev @ cli)
[2025-12-08 01:18:52] [INFO] [91555D] ✅ Global error handlers active
[2025-12-08 01:18:52] [INFO] [FFC022] ✅ 0 module(s) initialized
[2025-12-08 01:18:52] [INFO] [73F0B1] ✅ DB connected successfully to 10.7.230.13:3306
[2025-12-08 01:18:52] [INFO] [B05F36] [BOOT] Database: ✅ Connected
[2025-12-08 01:18:52] [INFO] [3766B7] [BOOT] Redis: ✅ Connected
[2025-12-08 01:18:52] [INFO] [9F5352] [BOOT] Trench City Core Ready — ENV: dev | PHP: 8.1.2-1ubuntu2.22 | Modules: 0
[2025-12-08 01:18:56] [INFO] [4F51B8] [BOOT] Logging ready for Trench City (dev @ cli)
[2025-12-08 01:18:56] [INFO] [3CC7E1] ✅ Global error handlers active
[2025-12-08 01:18:56] [INFO] [442C87] ✅ 0 module(s) initialized
[2025-12-08 01:18:56] [INFO] [FCF562] ✅ DB connected successfully to 10.7.230.13:3306
[2025-12-08 01:18:56] [INFO] [EABC13] [BOOT] Database: ✅ Connected
[2025-12-08 01:18:56] [INFO] [2EA75D] [BOOT] Redis: ✅ Connected
[2025-12-08 01:18:56] [INFO] [BC31E5] [BOOT] Trench City Core Ready — ENV: dev | PHP: 8.1.2-1ubuntu2.22 | Modules: 0
[2025-12-08 01:24:54] [INFO] [92012A] [BOOT] Logging ready for Trench City (dev @ cli)
[2025-12-08 01:24:54] [INFO] [23B05A] ✅ Global error handlers active
[2025-12-08 01:24:54] [INFO] [528C44] ✅ 0 module(s) initialized
[2025-12-08 01:24:54] [INFO] [DA8BE6] ✅ DB connected successfully to 10.7.230.13:3306
[2025-12-08 01:24:54] [INFO] [280CB5] [BOOT] Database: ✅ Connected
[2025-12-08 01:24:54] [INFO] [B70F1A] [BOOT] Redis: ✅ Connected
[2025-12-08 01:24:54] [INFO] [851860] [BOOT] Trench City Core Ready — ENV: dev | PHP: 8.1.2-1ubuntu2.22 | Modules: 0
[2025-12-08 01:27:18] [INFO] [79CDB8] [BOOT] Logging ready for Trench City (dev @ cli)
[2025-12-08 01:27:18] [INFO] [0405BA] ✅ Global error handlers active
[2025-12-08 01:27:18] [INFO] [F31AFB] ✅ 0 module(s) initialized
[2025-12-08 01:27:18] [INFO] [7C1468] ✅ DB connected successfully to 10.7.230.13:3306
[2025-12-08 01:27:18] [INFO] [6B06DC] [BOOT] Database: ✅ Connected
[2025-12-08 01:27:18] [INFO] [C45D7B] [BOOT] Redis: ✅ Connected
[2025-12-08 01:27:18] [INFO] [0F1A9F] [BOOT] Trench City Core Ready — ENV: dev | PHP: 8.1.2-1ubuntu2.22 | Modules: 0
[2025-12-08 01:31:00] [INFO] [669F91] [BOOT] Logging ready for Trench City (dev @ cli)
[2025-12-08 01:31:00] [INFO] [D5E2FC] ✅ Global error handlers active
[2025-12-08 01:31:00] [INFO] [785FEA] ✅ 0 module(s) initialized
[2025-12-08 01:31:00] [INFO] [45B8FF] ✅ DB connected successfully to 10.7.230.13:3306
[2025-12-08 01:31:00] [INFO] [610AE3] [BOOT] Database: ✅ Connected
[2025-12-08 01:31:00] [INFO] [8B8E06] [BOOT] Redis: ✅ Connected
[2025-12-08 01:31:00] [INFO] [89CFDB] [BOOT] Trench City Core Ready — ENV: dev | PHP: 8.1.2-1ubuntu2.22 | Modules: 0
[2025-12-08 01:35:33] [INFO] [DC343C] [BOOT] Logging ready for Trench City (dev @ cli)
[2025-12-08 01:35:33] [INFO] [A48850] ✅ Global error handlers active
[2025-12-08 01:35:33] [INFO] [0E577E] ✅ DB connected successfully to 10.7.230.13:3306
[2025-12-08 01:35:33] [INFO] [88E313] [BOOT] Database: ✅ Connected
[2025-12-08 01:35:33] [INFO] [D11C6C] [BOOT] Redis: ✅ Connected
[2025-12-08 01:35:33] [INFO] [FBDF20] [BOOT] Trench City Core Ready — ENV: dev | PHP: 8.1.2-1ubuntu2.22 | Modules: 0
[2025-12-08 01:35:34] [INFO] [22DE8A] [BOOT] Logging ready for Trench City (dev @ cli)
[2025-12-08 01:35:34] [INFO] [36420F] ✅ Global error handlers active
[2025-12-08 01:35:34] [INFO] [633DCB] ✅ DB connected successfully to 10.7.230.13:3306
[2025-12-08 01:35:34] [INFO] [768952] [BOOT] Database: ✅ Connected
[2025-12-08 01:35:34] [INFO] [3B5F53] [BOOT] Redis: ✅ Connected
[2025-12-08 01:35:34] [INFO] [EA7923] [BOOT] Trench City Core Ready — ENV: dev | PHP: 8.1.2-1ubuntu2.22 | Modules: 0
[2025-12-08 01:35:35] [INFO] [16D53B] [BOOT] Logging ready for Trench City (dev @ cli)
[2025-12-08 01:35:35] [INFO] [3ACCD2] ✅ Global error handlers active
[2025-12-08 01:35:35] [INFO] [ADBE48] ✅ DB connected successfully to 10.7.230.13:3306
[2025-12-08 01:35:35] [INFO] [A2ED76] [BOOT] Database: ✅ Connected
[2025-12-08 01:35:35] [INFO] [374A37] [BOOT] Redis: ✅ Connected
[2025-12-08 01:35:35] [INFO] [3BEF57] [BOOT] Trench City Core Ready — ENV: dev | PHP: 8.1.2-1ubuntu2.22 | Modules: 0
[2025-12-08 01:35:36] [INFO] [6B8950] [BOOT] Logging ready for Trench City (dev @ cli)
[2025-12-08 01:35:36] [INFO] [2A0A34] ✅ Global error handlers active
[2025-12-08 01:35:36] [INFO] [277DF4] ✅ DB connected successfully to 10.7.230.13:3306
[2025-12-08 01:35:36] [INFO] [F51641] [BOOT] Database: ✅ Connected
[2025-12-08 01:35:36] [INFO] [C6729E] [BOOT] Redis: ✅ Connected
[2025-12-08 01:35:36] [INFO] [3B1787] [BOOT] Trench City Core Ready — ENV: dev | PHP: 8.1.2-1ubuntu2.22 | Modules: 0
[2025-12-08 01:36:09] [INFO] [27A178] [BOOT] Logging ready for Trench City (dev @ cli)
[2025-12-08 01:36:09] [INFO] [F2B466] ✅ Global error handlers active
[2025-12-08 01:36:09] [INFO] [5063BC] ✅ DB connected successfully to 10.7.230.13:3306
[2025-12-08 01:36:09] [INFO] [C55685] [BOOT] Database: ✅ Connected
[2025-12-08 01:36:09] [INFO] [A1B688] [BOOT] Redis: ✅ Connected
[2025-12-08 01:36:09] [INFO] [497BB8] [BOOT] Trench City Core Ready — ENV: dev | PHP: 8.1.2-1ubuntu2.22 | Modules: 0
[2025-12-08 01:36:11] [INFO] [A86FBF] [BOOT] Logging ready for Trench City (dev @ cli)
[2025-12-08 01:36:11] [INFO] [EA0932] ✅ Global error handlers active
[2025-12-08 01:36:11] [INFO] [843DF0] ✅ DB connected successfully to 10.7.230.13:3306
[2025-12-08 01:36:11] [INFO] [ECD046] [BOOT] Database: ✅ Connected
[2025-12-08 01:36:11] [INFO] [D226EE] [BOOT] Redis: ✅ Connected
[2025-12-08 01:36:11] [INFO] [9846D2] [BOOT] Trench City Core Ready — ENV: dev | PHP: 8.1.2-1ubuntu2.22 | Modules: 0
[2025-12-08 01:36:12] [INFO] [03267B] [BOOT] Logging ready for Trench City (dev @ cli)
[2025-12-08 01:36:12] [INFO] [0339AC] ✅ Global error handlers active
[2025-12-08 01:36:12] [INFO] [1285B9] ✅ DB connected successfully to 10.7.230.13:3306
[2025-12-08 01:36:12] [INFO] [3542D2] [BOOT] Database: ✅ Connected
[2025-12-08 01:36:12] [INFO] [BD6B03] [BOOT] Redis: ✅ Connected
[2025-12-08 01:36:12] [INFO] [019442] [BOOT] Trench City Core Ready — ENV: dev | PHP: 8.1.2-1ubuntu2.22 | Modules: 0
[2025-12-08 01:36:14] [INFO] [EF2E31] [BOOT] Logging ready for Trench City (dev @ cli)
[2025-12-08 01:36:14] [INFO] [530557] ✅ Global error handlers active
[2025-12-08 01:36:14] [INFO] [A41E95] ✅ DB connected successfully to 10.7.230.13:3306
[2025-12-08 01:36:14] [INFO] [2C159B] [BOOT] Database: ✅ Connected
[2025-12-08 01:36:14] [INFO] [5E1298] [BOOT] Redis: ✅ Connected
[2025-12-08 01:36:14] [INFO] [E246A5] [BOOT] Trench City Core Ready — ENV: dev | PHP: 8.1.2-1ubuntu2.22 | Modules: 0
[2025-12-08 01:36:15] [INFO] [293023] [BOOT] Logging ready for Trench City (dev @ cli)
[2025-12-08 01:36:15] [INFO] [179685] ✅ Global error handlers active
[2025-12-08 01:36:15] [INFO] [B16734] ✅ DB connected successfully to 10.7.230.13:3306
[2025-12-08 01:36:15] [INFO] [8BD176] [BOOT] Database: ✅ Connected
[2025-12-08 01:36:15] [INFO] [8626EB] [BOOT] Redis: ✅ Connected
[2025-12-08 01:36:15] [INFO] [A502E9] [BOOT] Trench City Core Ready — ENV: dev | PHP: 8.1.2-1ubuntu2.22 | Modules: 0
[2025-12-08 01:39:48] [INFO] [89DCEE] [BOOT] Logging ready for Trench City (dev @ cli)
[2025-12-08 01:39:48] [INFO] [44A9B7] ✅ Global error handlers active
[2025-12-08 01:39:48] [INFO] [539061] ✅ DB connected successfully to 10.7.230.13:3306
[2025-12-08 01:39:48] [INFO] [316516] [BOOT] Database: ✅ Connected
[2025-12-08 01:39:48] [INFO] [8E3F32] [BOOT] Redis: ✅ Connected
[2025-12-08 01:39:48] [INFO] [77A058] [BOOT] Trench City Core Ready — ENV: dev | PHP: 8.1.2-1ubuntu2.22 | Modules: 0
[2025-12-08 01:39:49] [INFO] [9038D6] [BOOT] Logging ready for Trench City (dev @ cli)
[2025-12-08 01:39:49] [INFO] [3D4233] ✅ Global error handlers active
[2025-12-08 01:39:49] [INFO] [873278] ✅ DB connected successfully to 10.7.230.13:3306
[2025-12-08 01:39:49] [INFO] [365C62] [BOOT] Database: ✅ Connected
[2025-12-08 01:39:49] [INFO] [169412] [BOOT] Redis: ✅ Connected
[2025-12-08 01:39:49] [INFO] [3BE2F1] [BOOT] Trench City Core Ready — ENV: dev | PHP: 8.1.2-1ubuntu2.22 | Modules: 0
[2025-12-08 01:39:50] [INFO] [E34E86] [BOOT] Logging ready for Trench City (dev @ cli)
[2025-12-08 01:39:50] [INFO] [26F356] ✅ Global error handlers active
[2025-12-08 01:39:50] [INFO] [B6597F] ✅ DB connected successfully to 10.7.230.13:3306
[2025-12-08 01:39:50] [INFO] [872C5B] [BOOT] Database: ✅ Connected
[2025-12-08 01:39:50] [INFO] [131CC5] [BOOT] Redis: ✅ Connected
[2025-12-08 01:39:50] [INFO] [49E2C8] [BOOT] Trench City Core Ready — ENV: dev | PHP: 8.1.2-1ubuntu2.22 | Modules: 0
[2025-12-08 01:39:51] [INFO] [42345A] [BOOT] Logging ready for Trench City (dev @ cli)
[2025-12-08 01:39:51] [INFO] [71E743] ✅ Global error handlers active
[2025-12-08 01:39:51] [INFO] [50F80F] ✅ DB connected successfully to 10.7.230.13:3306
[2025-12-08 01:39:51] [INFO] [999F40] [BOOT] Database: ✅ Connected
[2025-12-08 01:39:51] [INFO] [C83536] [BOOT] Redis: ✅ Connected
[2025-12-08 01:39:51] [INFO] [B9FCF7] [BOOT] Trench City Core Ready — ENV: dev | PHP: 8.1.2-1ubuntu2.22 | Modules: 0
[2025-12-08 01:39:55] [INFO] [0CEC86] [BOOT] Logging ready for Trench City (dev @ cli)
[2025-12-08 01:39:55] [INFO] [F0324C] ✅ Global error handlers active
[2025-12-08 01:39:55] [INFO] [D1085D] ✅ DB connected successfully to 10.7.230.13:3306
[2025-12-08 01:39:55] [INFO] [4E5BAB] [BOOT] Database: ✅ Connected
[2025-12-08 01:39:55] [INFO] [9C6DA0] [BOOT] Redis: ✅ Connected
[2025-12-08 01:39:55] [INFO] [F7F646] [BOOT] Trench City Core Ready — ENV: dev | PHP: 8.1.2-1ubuntu2.22 | Modules: 0
[2025-12-08 01:39:56] [INFO] [A49301] [BOOT] Logging ready for Trench City (dev @ cli)
[2025-12-08 01:39:56] [INFO] [A0CB1B] ✅ Global error handlers active
[2025-12-08 01:39:56] [INFO] [E91FE9] ✅ DB connected successfully to 10.7.230.13:3306
[2025-12-08 01:39:56] [INFO] [AA0C4B] [BOOT] Database: ✅ Connected
[2025-12-08 01:39:56] [INFO] [88A8B1] [BOOT] Redis: ✅ Connected
[2025-12-08 01:39:56] [INFO] [303C34] [BOOT] Trench City Core Ready — ENV: dev | PHP: 8.1.2-1ubuntu2.22 | Modules: 0
[2025-12-08 01:39:56] [INFO] [8377EB] [BOOT] Logging ready for Trench City (dev @ cli)
[2025-12-08 01:39:56] [INFO] [B6F229] ✅ Global error handlers active
[2025-12-08 01:39:56] [INFO] [01DD1B] ✅ DB connected successfully to 10.7.230.13:3306
[2025-12-08 01:39:56] [INFO] [F239CB] [BOOT] Database: ✅ Connected
[2025-12-08 01:39:56] [INFO] [562F16] [BOOT] Redis: ✅ Connected
[2025-12-08 01:39:56] [INFO] [15382B] [BOOT] Trench City Core Ready — ENV: dev | PHP: 8.1.2-1ubuntu2.22 | Modules: 0
[2025-12-08 01:39:57] [INFO] [64C5E6] [BOOT] Logging ready for Trench City (dev @ cli)
[2025-12-08 01:39:57] [INFO] [859F99] ✅ Global error handlers active
[2025-12-08 01:39:57] [INFO] [3EE87A] ✅ DB connected successfully to 10.7.230.13:3306
[2025-12-08 01:39:57] [INFO] [B89700] [BOOT] Database: ✅ Connected
[2025-12-08 01:39:57] [INFO] [D2A432] [BOOT] Redis: ✅ Connected
[2025-12-08 01:39:57] [INFO] [C46F74] [BOOT] Trench City Core Ready — ENV: dev | PHP: 8.1.2-1ubuntu2.22 | Modules: 0
[2025-12-08 01:39:57] [INFO] [47B899] [BOOT] Logging ready for Trench City (dev @ cli)
[2025-12-08 01:39:57] [INFO] [3800B8] ✅ Global error handlers active
[2025-12-08 01:39:57] [INFO] [6C391B] ✅ DB connected successfully to 10.7.230.13:3306
[2025-12-08 01:39:57] [INFO] [CDC657] [BOOT] Database: ✅ Connected
[2025-12-08 01:39:57] [INFO] [CE93B2] [BOOT] Redis: ✅ Connected
[2025-12-08 01:39:57] [INFO] [474813] [BOOT] Trench City Core Ready — ENV: dev | PHP: 8.1.2-1ubuntu2.22 | Modules: 0
[2025-12-08 01:39:58] [INFO] [C495A5] [BOOT] Logging ready for Trench City (dev @ cli)
[2025-12-08 01:39:58] [INFO] [8D6F33] ✅ Global error handlers active
[2025-12-08 01:39:58] [INFO] [4A3DB1] ✅ DB connected successfully to 10.7.230.13:3306
[2025-12-08 01:39:58] [INFO] [A8859B] [BOOT] Database: ✅ Connected
[2025-12-08 01:39:58] [INFO] [ABD682] [BOOT] Redis: ✅ Connected
[2025-12-08 01:39:58] [INFO] [BD9D59] [BOOT] Trench City Core Ready — ENV: dev | PHP: 8.1.2-1ubuntu2.22 | Modules: 0
[2025-12-08 01:39:58] [INFO] [12031D] [BOOT] Logging ready for Trench City (dev @ cli)
[2025-12-08 01:39:58] [INFO] [5A5A27] ✅ Global error handlers active
[2025-12-08 01:39:58] [INFO] [9814DD] ✅ DB connected successfully to 10.7.230.13:3306
[2025-12-08 01:39:58] [INFO] [447030] [BOOT] Database: ✅ Connected
[2025-12-08 01:39:58] [INFO] [31F011] [BOOT] Redis: ✅ Connected
[2025-12-08 01:39:58] [INFO] [1F1942] [BOOT] Trench City Core Ready — ENV: dev | PHP: 8.1.2-1ubuntu2.22 | Modules: 0
[2025-12-08 01:39:58] [INFO] [59D034] [BOOT] Logging ready for Trench City (dev @ cli)
[2025-12-08 01:39:58] [INFO] [4BF457] ✅ Global error handlers active
[2025-12-08 01:39:58] [INFO] [E8414B] ✅ DB connected successfully to 10.7.230.13:3306
[2025-12-08 01:39:58] [INFO] [29DC05] [BOOT] Database: ✅ Connected
[2025-12-08 01:39:58] [INFO] [A3977F] [BOOT] Redis: ✅ Connected
[2025-12-08 01:39:58] [INFO] [165D2E] [BOOT] Trench City Core Ready — ENV: dev | PHP: 8.1.2-1ubuntu2.22 | Modules: 0
[2025-12-08 01:39:58] [INFO] [2468D0] [BOOT] Logging ready for Trench City (dev @ cli)
[2025-12-08 01:39:58] [INFO] [76DC0E] ✅ Global error handlers active
[2025-12-08 01:39:58] [INFO] [1FFC1E] ✅ DB connected successfully to 10.7.230.13:3306
[2025-12-08 01:39:58] [INFO] [0BCE67] [BOOT] Database: ✅ Connected
[2025-12-08 01:39:58] [INFO] [BFB2B4] [BOOT] Redis: ✅ Connected
[2025-12-08 01:39:58] [INFO] [B7BEC6] [BOOT] Trench City Core Ready — ENV: dev | PHP: 8.1.2-1ubuntu2.22 | Modules: 0
[2025-12-08 01:39:59] [INFO] [743FEA] [BOOT] Logging ready for Trench City (dev @ cli)
[2025-12-08 01:39:59] [INFO] [40BC43] ✅ Global error handlers active
[2025-12-08 01:39:59] [INFO] [B687BA] ✅ DB connected successfully to 10.7.230.13:3306
[2025-12-08 01:39:59] [INFO] [D3A05B] [BOOT] Database: ✅ Connected
[2025-12-08 01:39:59] [INFO] [48795A] [BOOT] Redis: ✅ Connected
[2025-12-08 01:39:59] [INFO] [150621] [BOOT] Trench City Core Ready — ENV: dev | PHP: 8.1.2-1ubuntu2.22 | Modules: 0
[2025-12-08 01:40:01] [INFO] [253DFD] [BOOT] Logging ready for Trench City (dev @ cli)
[2025-12-08 01:40:01] [INFO] [826652] ✅ Global error handlers active
[2025-12-08 01:40:01] [INFO] [821860] ✅ DB connected successfully to 10.7.230.13:3306
[2025-12-08 01:40:01] [INFO] [5BD311] [BOOT] Database: ✅ Connected
[2025-12-08 01:40:01] [INFO] [CE1C58] [BOOT] Redis: ✅ Connected
[2025-12-08 01:40:01] [INFO] [597388] [BOOT] Trench City Core Ready — ENV: dev | PHP: 8.1.2-1ubuntu2.22 | Modules: 0
[2025-12-08 01:40:10] [INFO] [D6A721] [BOOT] Logging ready for Trench City (dev @ cli)
[2025-12-08 01:40:10] [INFO] [618F22] ✅ Global error handlers active
[2025-12-08 01:40:10] [INFO] [16A126] ✅ DB connected successfully to 10.7.230.13:3306
[2025-12-08 01:40:10] [INFO] [D48B4F] [BOOT] Database: ✅ Connected
[2025-12-08 01:40:10] [INFO] [297DDA] [BOOT] Redis: ✅ Connected
[2025-12-08 01:40:10] [INFO] [1B36B8] [BOOT] Trench City Core Ready — ENV: dev | PHP: 8.1.2-1ubuntu2.22 | Modules: 0
[2025-12-08 01:44:54] [INFO] [E2C6B4] [BOOT] Logging ready for Trench City (dev @ cli)
[2025-12-08 01:44:54] [INFO] [82CE04] ✅ Global error handlers active
[2025-12-08 01:44:54] [INFO] [2CB99D] ✅ DB connected successfully to 10.7.230.13:3306
[2025-12-08 01:44:54] [INFO] [677A15] [BOOT] Database: ✅ Connected
[2025-12-08 01:44:54] [INFO] [0BE592] [BOOT] Redis: ✅ Connected
[2025-12-08 01:44:54] [INFO] [F2C427] [BOOT] Trench City Core Ready — ENV: dev | PHP: 8.1.2-1ubuntu2.22 | Modules: 0
[2025-12-08 01:45:04] [INFO] [DB8E47] [BOOT] Logging ready for Trench City (dev @ cli)
[2025-12-08 01:45:04] [INFO] [434F38] ✅ Global error handlers active
[2025-12-08 01:45:04] [INFO] [91D75F] ✅ DB connected successfully to 10.7.230.13:3306
[2025-12-08 01:45:04] [INFO] [D9B629] [BOOT] Database: ✅ Connected
[2025-12-08 01:45:04] [INFO] [14FE7F] [BOOT] Redis: ✅ Connected
[2025-12-08 01:45:04] [INFO] [AF5963] [BOOT] Trench City Core Ready — ENV: dev | PHP: 8.1.2-1ubuntu2.22 | Modules: 0
[2025-12-08 01:50:22] [INFO] [6BF3AE] [BOOT] Logging ready for Trench City (dev @ cli)
[2025-12-08 01:50:22] [INFO] [F43434] ✅ Global error handlers active
[2025-12-08 01:50:22] [INFO] [6B3B1D] ✅ DB connected successfully to 10.7.230.13:3306
[2025-12-08 01:50:22] [INFO] [B3E057] [BOOT] Database: ✅ Connected
[2025-12-08 01:50:22] [INFO] [EA5162] [BOOT] Redis: ✅ Connected
[2025-12-08 01:50:22] [INFO] [44891B] [BOOT] Trench City Core Ready — ENV: dev | PHP: 8.1.2-1ubuntu2.22 | Modules: 0
[2025-12-08 01:50:32] [INFO] [7C6DE7] [BOOT] Logging ready for Trench City (dev @ cli)
[2025-12-08 01:50:32] [INFO] [5D69A2] ✅ Global error handlers active
[2025-12-08 01:50:32] [INFO] [0B658A] ✅ DB connected successfully to 10.7.230.13:3306
[2025-12-08 01:50:32] [INFO] [157D07] [BOOT] Database: ✅ Connected
[2025-12-08 01:50:32] [INFO] [76C852] [BOOT] Redis: ✅ Connected
[2025-12-08 01:50:32] [INFO] [049BC4] [BOOT] Trench City Core Ready — ENV: dev | PHP: 8.1.2-1ubuntu2.22 | Modules: 0
[2025-12-08 01:55:33] [INFO] [CDDB87] [BOOT] Logging ready for Trench City (dev @ cli)
[2025-12-08 01:55:33] [INFO] [E5329A] ✅ Global error handlers active
[2025-12-08 01:55:33] [INFO] [B4570A] [MODULE] Router initialized — HTTP/CLI unified
[2025-12-08 01:55:33] [INFO] [85ABFC] [MODULE] Router.php loaded
[2025-12-08 01:55:33] [INFO] [CBD74E] ✅ DB connected successfully to 10.7.230.13:3306
[2025-12-08 01:55:33] [INFO] [1369F3] [BOOT] Database: ✅ Connected
[2025-12-08 01:55:33] [INFO] [EBC3D5] [BOOT] Redis: ✅ Connected
[2025-12-08 01:55:33] [INFO] [90F211] [BOOT] Trench City Core Ready — ENV: dev | PHP: 8.1.2-1ubuntu2.22 | Modules: 1
[2025-12-08 02:03:13] [INFO] [DEA321] [BOOT] Logging ready for Trench City (dev @ cli)
[2025-12-08 02:03:13] [INFO] [825892] ✅ Global error handlers active
[2025-12-08 02:03:13] [INFO] [4DA196] [CACHE] Using Redis backend
[2025-12-08 02:03:13] [INFO] [D56CA8] [CACHE] Cache system initialized
[2025-12-08 02:03:13] [INFO] [DF2564] [MODULE] Cache engine initialized — Redis + File hybrid
[2025-12-08 02:03:13] [INFO] [256D45] [MODULE] Cache.php loaded
[2025-12-08 02:03:13] [INFO] [8E8E57] [MODULE] Router initialized — HTTP/CLI unified
[2025-12-08 02:03:13] [INFO] [409065] [MODULE] Router.php loaded
[2025-12-08 02:03:13] [INFO] [A3CD53] ✅ DB connected successfully to 10.7.230.13:3306
[2025-12-08 02:03:13] [INFO] [78C62E] [BOOT] Database: ✅ Connected
[2025-12-08 02:03:13] [INFO] [0643A8] [BOOT] Redis: ✅ Connected
[2025-12-08 02:03:13] [INFO] [6DEAC7] [BOOT] Trench City Core Ready — ENV: dev | PHP: 8.1.2-1ubuntu2.22 | Modules: 2
[2025-12-08 02:07:40] [INFO] [5AF184] [BOOT] Logging ready for Trench City (dev @ cli)
[2025-12-08 02:07:40] [INFO] [EA8E72] ✅ Global error handlers active
[2025-12-08 02:07:40] [INFO] [4849DF] [MODULE] Auth system initialized — Redis-backed sessions active
[2025-12-08 02:07:40] [INFO] [0B4562] [MODULE] Auth.php loaded
[2025-12-08 02:07:40] [INFO] [97CFFE] [CACHE] Using Redis backend
[2025-12-08 02:07:40] [INFO] [A8A62E] [CACHE] Cache system initialized
[2025-12-08 02:07:40] [INFO] [A09A19] [MODULE] Cache engine initialized — Redis + File hybrid
[2025-12-08 02:07:40] [INFO] [88F894] [MODULE] Cache.php loaded
[2025-12-08 02:07:40] [INFO] [E297C3] [MODULE] Router initialized — HTTP/CLI unified
[2025-12-08 02:07:40] [INFO] [1E7BFA] [MODULE] Router.php loaded
[2025-12-08 02:07:40] [INFO] [25D71C] ✅ DB connected successfully to 10.7.230.13:3306
[2025-12-08 02:07:40] [INFO] [01E3F7] [BOOT] Database: ✅ Connected
[2025-12-08 02:07:40] [INFO] [4DB05D] [BOOT] Redis: ✅ Connected
[2025-12-08 02:07:40] [INFO] [DD7FE5] [BOOT] Trench City Core Ready — ENV: dev | PHP: 8.1.2-1ubuntu2.22 | Modules: 3
[2025-12-08 02:12:27] [INFO] [98418F] [BOOT] Logging ready for Trench City (dev @ cli)
[2025-12-08 02:12:27] [INFO] [1BC588] ✅ Global error handlers active
[2025-12-08 02:12:27] [INFO] [F5DC6B] [MODULE] Auth system initialized — Redis-backed sessions active
[2025-12-08 02:12:27] [INFO] [474ED1] [MODULE] Auth.php loaded
[2025-12-08 02:12:27] [INFO] [2F0F8D] [MODULE] Model engine initialized — ORM-lite active
[2025-12-08 02:12:27] [INFO] [64D9E5] [MODULE] Model.php loaded
[2025-12-08 02:12:27] [INFO] [6E4924] [CACHE] Using Redis backend
[2025-12-08 02:12:27] [INFO] [D64311] [CACHE] Cache system initialized
[2025-12-08 02:12:27] [INFO] [65B98C] [MODULE] Cache engine initialized — Redis + File hybrid
[2025-12-08 02:12:27] [INFO] [2E037B] [MODULE] Cache.php loaded
[2025-12-08 02:12:27] [INFO] [4A260F] [MODULE] Router initialized — HTTP/CLI unified
[2025-12-08 02:12:27] [INFO] [E3DDD7] [MODULE] Router.php loaded
[2025-12-08 02:12:27] [INFO] [E8A6C6] ✅ DB connected successfully to 10.7.230.13:3306
[2025-12-08 02:12:27] [INFO] [6AA399] [BOOT] Database: ✅ Connected
[2025-12-08 02:12:27] [INFO] [8E71EB] [BOOT] Redis: ✅ Connected
[2025-12-08 02:12:27] [INFO] [AA6078] [BOOT] Trench City Core Ready — ENV: dev | PHP: 8.1.2-1ubuntu2.22 | Modules: 4
[2025-12-08 02:14:01] [INFO] [73C8FC] [BOOT] Logging ready for Trench City (dev @ fpm-fcgi)
[2025-12-08 02:14:01] [INFO] [C7BD02] ✅ Global error handlers active
[2025-12-08 02:14:01] [INFO] [BD7644] [MODULE] Auth system initialized — Redis-backed sessions active
[2025-12-08 02:14:01] [INFO] [060953] [MODULE] Auth.php loaded
[2025-12-08 02:14:01] [INFO] [1FAAA6] [MODULE] Model engine initialized — ORM-lite active
[2025-12-08 02:14:01] [INFO] [6A0834] [MODULE] Model.php loaded
[2025-12-08 02:14:01] [INFO] [3771B7] [CACHE] Using Redis backend
[2025-12-08 02:14:01] [INFO] [25A9A4] [CACHE] Cache system initialized
[2025-12-08 02:14:01] [INFO] [1A87EA] [MODULE] Cache engine initialized — Redis + File hybrid
[2025-12-08 02:14:01] [INFO] [65C88B] [MODULE] Cache.php loaded
[2025-12-08 02:14:01] [INFO] [204382] [MODULE] Router initialized — HTTP/CLI unified
[2025-12-08 02:14:01] [INFO] [3B82C5] [MODULE] Router.php loaded
[2025-12-08 02:14:01] [INFO] [7E0638] ✅ DB connected successfully to 10.7.230.13:3306
[2025-12-08 02:14:01] [INFO] [3A249C] [BOOT] Database: ✅ Connected
[2025-12-08 02:14:01] [INFO] [5C3C1B] [BOOT] Redis: ✅ Connected
[2025-12-08 02:14:01] [INFO] [B002E0] [BOOT] Trench City Core Ready — ENV: dev | PHP: 8.1.2-1ubuntu2.22 | Modules: 4
[2025-12-08 02:14:10] [INFO] [218AFE] [BOOT] Logging ready for Trench City (dev @ fpm-fcgi)
[2025-12-08 02:14:10] [INFO] [8EC592] ✅ Global error handlers active
[2025-12-08 02:14:10] [INFO] [C485EA] [MODULE] Auth system initialized — Redis-backed sessions active
[2025-12-08 02:14:10] [INFO] [A2F648] [MODULE] Auth.php loaded
[2025-12-08 02:14:10] [INFO] [EF8195] [MODULE] Model engine initialized — ORM-lite active
[2025-12-08 02:14:10] [INFO] [4C78B8] [MODULE] Model.php loaded
[2025-12-08 02:14:10] [INFO] [1EA3CD] [CACHE] Using Redis backend
[2025-12-08 02:14:10] [INFO] [933C77] [CACHE] Cache system initialized
[2025-12-08 02:14:10] [INFO] [49F3DB] [MODULE] Cache engine initialized — Redis + File hybrid
[2025-12-08 02:14:10] [INFO] [6D1054] [MODULE] Cache.php loaded
[2025-12-08 02:14:10] [INFO] [3B6C38] [MODULE] Router initialized — HTTP/CLI unified
[2025-12-08 02:14:10] [INFO] [5A2149] [MODULE] Router.php loaded
[2025-12-08 02:14:10] [INFO] [7E2022] ✅ DB connected successfully to 10.7.230.13:3306
[2025-12-08 02:14:10] [INFO] [B20EBB] [BOOT] Database: ✅ Connected
[2025-12-08 02:14:10] [INFO] [5AD0F3] [BOOT] Redis: ✅ Connected
[2025-12-08 02:14:10] [INFO] [7E5CEE] [BOOT] Trench City Core Ready — ENV: dev | PHP: 8.1.2-1ubuntu2.22 | Modules: 4
[2025-12-08 02:16:57] [INFO] [960538] [BOOT] Logging ready for Trench City (dev @ cli)
[2025-12-08 02:16:57] [INFO] [F901E8] ✅ Global error handlers active
[2025-12-08 02:16:57] [INFO] [B4714F] [MODULE] Auth system initialized — Redis-backed sessions active
[2025-12-08 02:16:57] [INFO] [84DEF2] [MODULE] Auth.php loaded
[2025-12-08 02:16:57] [INFO] [3AD473] [MODULE] Model engine initialized — ORM-lite active
[2025-12-08 02:16:57] [INFO] [FBCC90] [MODULE] Model.php loaded
[2025-12-08 02:16:57] [INFO] [BE0F0E] [TASK] Registered task: cleanup
[2025-12-08 02:16:57] [INFO] [0C729E] [TASK] Registered task: heartbeat
[2025-12-08 02:16:57] [INFO] [5D1F53] [TASK] Using Redis queue backend
[2025-12-08 02:16:57] [INFO] [F2E76A] [TASK] Task engine initialized
[2025-12-08 02:16:57] [INFO] [BA685B] [MODULE] Task engine loaded — async jobs active
[2025-12-08 02:16:57] [INFO] [7377FD] [MODULE] Task.php loaded
[2025-12-08 02:16:57] [INFO] [B623BA] [CACHE] Using Redis backend
[2025-12-08 02:16:57] [INFO] [AF9E92] [CACHE] Cache system initialized
[2025-12-08 02:16:57] [INFO] [5AB9ED] [MODULE] Cache engine initialized — Redis + File hybrid
[2025-12-08 02:16:57] [INFO] [3ED605] [MODULE] Cache.php loaded
[2025-12-08 02:16:57] [INFO] [5FB4B2] [MODULE] Router initialized — HTTP/CLI unified
[2025-12-08 02:16:57] [INFO] [F02E4E] [MODULE] Router.php loaded
[2025-12-08 02:16:57] [INFO] [FC1B01] ✅ DB connected successfully to 10.7.230.13:3306
[2025-12-08 02:16:57] [INFO] [5BF2C7] [BOOT] Database: ✅ Connected
[2025-12-08 02:16:57] [INFO] [E929D3] [BOOT] Redis: ✅ Connected
[2025-12-08 02:16:57] [INFO] [739820] [BOOT] Trench City Core Ready — ENV: dev | PHP: 8.1.2-1ubuntu2.22 | Modules: 5
[2025-12-08 02:20:56] [INFO] [6D23E0] [BOOT] Logging ready for Trench City (dev @ fpm-fcgi)
[2025-12-08 02:20:56] [INFO] [7BF5D0] ✅ Global error handlers active
[2025-12-08 02:20:56] [INFO] [88C965] [MODULE] Auth system initialized — Redis-backed sessions active
[2025-12-08 02:20:56] [INFO] [7B2E63] [MODULE] Auth.php loaded
[2025-12-08 02:20:56] [INFO] [F189C3] [MODULE] Model engine initialized — ORM-lite active
[2025-12-08 02:20:56] [INFO] [AE3ED3] [MODULE] Model.php loaded
[2025-12-08 02:20:56] [INFO] [584565] [TASK] Registered task: cleanup
[2025-12-08 02:20:56] [INFO] [2FA5C5] [TASK] Registered task: heartbeat
[2025-12-08 02:20:56] [INFO] [714E18] [TASK] Using Redis queue backend
[2025-12-08 02:20:56] [INFO] [9D7DC6] [TASK] Task engine initialized
[2025-12-08 02:20:56] [INFO] [768DB4] [MODULE] Task engine loaded — async jobs active
[2025-12-08 02:20:56] [INFO] [FA4C81] [MODULE] Task.php loaded
[2025-12-08 02:20:56] [INFO] [2580D6] [CACHE] Using Redis backend
[2025-12-08 02:20:56] [INFO] [C8A46A] [CACHE] Cache system initialized
[2025-12-08 02:20:56] [INFO] [F2A2D0] [MODULE] Cache engine initialized — Redis + File hybrid
[2025-12-08 02:20:56] [INFO] [6978C7] [MODULE] Cache.php loaded
[2025-12-08 02:20:56] [INFO] [2EC41F] [MODULE] Router initialized — HTTP/CLI unified
[2025-12-08 02:20:56] [INFO] [D768DA] [MODULE] Router.php loaded
[2025-12-08 02:20:56] [INFO] [4C6FA7] ✅ DB connected successfully to 10.7.230.13:3306
[2025-12-08 02:20:56] [INFO] [E21E1A] [BOOT] Database: ✅ Connected
[2025-12-08 02:20:56] [INFO] [9C8AA1] [BOOT] Redis: ✅ Connected
[2025-12-08 02:20:56] [INFO] [3A9D38] [BOOT] Trench City Core Ready — ENV: dev | PHP: 8.1.2-1ubuntu2.22 | Modules: 5
[2025-12-08 02:24:12] [INFO] [5A1796] [BOOT] Logging ready for Trench City (dev @ cli)
[2025-12-08 02:24:12] [INFO] [13AD85] ✅ Global error handlers active
[2025-12-08 02:24:12] [INFO] [B85C6B] [MODULE] Auth system initialized — Redis-backed sessions active
[2025-12-08 02:24:12] [INFO] [70714A] [MODULE] Auth.php loaded
[2025-12-08 02:24:12] [INFO] [F81635] [MODULE] Model engine initialized — ORM-lite active
[2025-12-08 02:24:12] [INFO] [AC8B2A] [MODULE] Model.php loaded
[2025-12-08 02:24:12] [INFO] [D8673E] [EVENT] Listener attached for player.join
[2025-12-08 02:24:12] [INFO] [E5A33C] [EVENT] Listener attached for world.tick
[2025-12-08 02:24:12] [INFO] [59E019] [EVENT] Redis Pub/Sub active
[2025-12-08 02:24:12] [INFO] [EF3C78] [EVENT] Engine initialized
[2025-12-08 02:24:12] [INFO] [E67DD6] [MODULE] Event engine initialized — live signal bus active
[2025-12-08 02:24:12] [INFO] [B19819] [MODULE] Event.php loaded
[2025-12-08 02:24:12] [INFO] [7E51BF] [TASK] Registered task: cleanup
[2025-12-08 02:24:12] [INFO] [52C470] [TASK] Registered task: heartbeat
[2025-12-08 02:24:12] [INFO] [34B67C] [TASK] Using Redis queue backend
[2025-12-08 02:24:12] [INFO] [C97CFA] [TASK] Task engine initialized
[2025-12-08 02:24:12] [INFO] [82A49C] [MODULE] Task engine loaded — async jobs active
[2025-12-08 02:24:12] [INFO] [C78AFD] [MODULE] Task.php loaded
[2025-12-08 02:24:12] [INFO] [64117E] [CACHE] Using Redis backend
[2025-12-08 02:24:12] [INFO] [4A9A64] [CACHE] Cache system initialized
[2025-12-08 02:24:12] [INFO] [8D934C] [MODULE] Cache engine initialized — Redis + File hybrid
[2025-12-08 02:24:12] [INFO] [734060] [MODULE] Cache.php loaded
[2025-12-08 02:24:12] [INFO] [BA155A] [MODULE] Router initialized — HTTP/CLI unified
[2025-12-08 02:24:12] [INFO] [388462] [MODULE] Router.php loaded
[2025-12-08 02:24:12] [INFO] [25C24E] ✅ DB connected successfully to 10.7.230.13:3306
[2025-12-08 02:24:12] [INFO] [64467D] [BOOT] Database: ✅ Connected
[2025-12-08 02:24:12] [INFO] [451A6D] [BOOT] Redis: ✅ Connected
[2025-12-08 02:24:12] [INFO] [6C0D42] [BOOT] Trench City Core Ready — ENV: dev | PHP: 8.1.2-1ubuntu2.22 | Modules: 6
[2025-12-08 02:31:00] [INFO] [22A10E] [BOOT] Logging ready for Trench City (dev @ fpm-fcgi)
[2025-12-08 02:31:00] [INFO] [76F932] ✅ Global error handlers active
[2025-12-08 02:31:00] [INFO] [0ACD2B] [MODULE] Auth system initialized — Redis-backed sessions active
[2025-12-08 02:31:00] [INFO] [679C67] [MODULE] Auth.php loaded
[2025-12-08 02:31:00] [INFO] [9A2E2F] [MODULE] Model engine initialized — ORM-lite active
[2025-12-08 02:31:00] [INFO] [4BC20C] [MODULE] Model.php loaded
[2025-12-08 02:31:00] [INFO] [88552A] [EVENT] Listener attached for player.join
[2025-12-08 02:31:00] [INFO] [4C3410] [EVENT] Listener attached for world.tick
[2025-12-08 02:31:00] [INFO] [7F7505] [EVENT] Redis Pub/Sub active
[2025-12-08 02:31:00] [INFO] [72BD0D] [EVENT] Engine initialized
[2025-12-08 02:31:00] [INFO] [756698] [MODULE] Event engine initialized — live signal bus active
[2025-12-08 02:31:00] [INFO] [47B538] [MODULE] Event.php loaded
[2025-12-08 02:31:00] [INFO] [57AC38] [TASK] Registered task: cleanup
[2025-12-08 02:31:00] [INFO] [AAB7BD] [TASK] Registered task: heartbeat
[2025-12-08 02:31:00] [INFO] [A00B52] [TASK] Using Redis queue backend
[2025-12-08 02:31:00] [INFO] [86FD51] [TASK] Task engine initialized
[2025-12-08 02:31:00] [INFO] [E14BE4] [MODULE] Task engine loaded — async jobs active
[2025-12-08 02:31:00] [INFO] [13246A] [MODULE] Task.php loaded
[2025-12-08 02:31:00] [INFO] [5A0740] [CACHE] Using Redis backend
[2025-12-08 02:31:00] [INFO] [411972] [CACHE] Cache system initialized
[2025-12-08 02:31:00] [INFO] [334965] [MODULE] Cache engine initialized — Redis + File hybrid
[2025-12-08 02:31:00] [INFO] [FD044B] [MODULE] Cache.php loaded
[2025-12-08 02:31:00] [INFO] [1679BB] [MODULE] Router initialized — HTTP/CLI unified
[2025-12-08 02:31:00] [INFO] [4E92A0] [MODULE] Router.php loaded
[2025-12-08 02:31:00] [INFO] [B858DB] ✅ DB connected successfully to 10.7.230.13:3306
[2025-12-08 02:31:00] [INFO] [0D7C7E] [BOOT] Database: ✅ Connected
[2025-12-08 02:31:00] [INFO] [8B8868] [BOOT] Redis: ✅ Connected
[2025-12-08 02:31:00] [INFO] [584BE7] [BOOT] Trench City Core Ready — ENV: dev | PHP: 8.1.2-1ubuntu2.22 | Modules: 6
[2025-12-08 02:31:03] [INFO] [7F3794] [BOOT] Logging ready for Trench City (dev @ fpm-fcgi)
[2025-12-08 02:31:03] [INFO] [FAF27A] ✅ Global error handlers active
[2025-12-08 02:31:03] [INFO] [37D134] [MODULE] Auth system initialized — Redis-backed sessions active
[2025-12-08 02:31:03] [INFO] [A1C8FC] [MODULE] Auth.php loaded
[2025-12-08 02:31:03] [INFO] [493253] [MODULE] Model engine initialized — ORM-lite active
[2025-12-08 02:31:03] [INFO] [18BF3F] [MODULE] Model.php loaded
[2025-12-08 02:31:03] [INFO] [95E281] [EVENT] Listener attached for player.join
[2025-12-08 02:31:03] [INFO] [0E6C02] [EVENT] Listener attached for world.tick
[2025-12-08 02:31:03] [INFO] [352D40] [EVENT] Redis Pub/Sub active
[2025-12-08 02:31:03] [INFO] [5A9C78] [EVENT] Engine initialized
[2025-12-08 02:31:03] [INFO] [A3F644] [MODULE] Event engine initialized — live signal bus active
[2025-12-08 02:31:03] [INFO] [4E9C29] [MODULE] Event.php loaded
[2025-12-08 02:31:03] [INFO] [39D5B7] [TASK] Registered task: cleanup
[2025-12-08 02:31:03] [INFO] [F7FAE4] [TASK] Registered task: heartbeat
[2025-12-08 02:31:03] [INFO] [BCBC30] [TASK] Using Redis queue backend
[2025-12-08 02:31:03] [INFO] [80E2DC] [TASK] Task engine initialized
[2025-12-08 02:31:03] [INFO] [91E3CB] [MODULE] Task engine loaded — async jobs active
[2025-12-08 02:31:03] [INFO] [657539] [MODULE] Task.php loaded
[2025-12-08 02:31:03] [INFO] [915DB2] [CACHE] Using Redis backend
[2025-12-08 02:31:03] [INFO] [A6A927] [CACHE] Cache system initialized
[2025-12-08 02:31:03] [INFO] [E9F6DF] [MODULE] Cache engine initialized — Redis + File hybrid
[2025-12-08 02:31:03] [INFO] [2EC578] [MODULE] Cache.php loaded
[2025-12-08 02:31:03] [INFO] [1B077A] [MODULE] Router initialized — HTTP/CLI unified
[2025-12-08 02:31:03] [INFO] [96BF42] [MODULE] Router.php loaded
[2025-12-08 02:31:03] [INFO] [473B4B] ✅ DB connected successfully to 10.7.230.13:3306
[2025-12-08 02:31:03] [INFO] [606E65] [BOOT] Database: ✅ Connected
[2025-12-08 02:31:03] [INFO] [AE242E] [BOOT] Redis: ✅ Connected
[2025-12-08 02:31:03] [INFO] [C5764F] [BOOT] Trench City Core Ready — ENV: dev | PHP: 8.1.2-1ubuntu2.22 | Modules: 6
[2025-12-08 02:31:07] [INFO] [433FAA] [BOOT] Logging ready for Trench City (dev @ fpm-fcgi)
[2025-12-08 02:31:07] [INFO] [2EE1FC] ✅ Global error handlers active
[2025-12-08 02:31:07] [INFO] [E1C0E2] [MODULE] Auth system initialized — Redis-backed sessions active
[2025-12-08 02:31:07] [INFO] [EA34E2] [MODULE] Auth.php loaded
[2025-12-08 02:31:07] [INFO] [8B3D72] [MODULE] Model engine initialized — ORM-lite active
[2025-12-08 02:31:07] [INFO] [7A02D7] [MODULE] Model.php loaded
[2025-12-08 02:31:07] [INFO] [B16F95] [EVENT] Listener attached for player.join
[2025-12-08 02:31:07] [INFO] [0839E9] [EVENT] Listener attached for world.tick
[2025-12-08 02:31:07] [INFO] [173239] [EVENT] Redis Pub/Sub active
[2025-12-08 02:31:07] [INFO] [257849] [EVENT] Engine initialized
[2025-12-08 02:31:07] [INFO] [CD46CC] [MODULE] Event engine initialized — live signal bus active
[2025-12-08 02:31:07] [INFO] [9A0E84] [MODULE] Event.php loaded
[2025-12-08 02:31:07] [INFO] [2CB498] [TASK] Registered task: cleanup
[2025-12-08 02:31:07] [INFO] [DF7714] [TASK] Registered task: heartbeat
[2025-12-08 02:31:07] [INFO] [98E0B7] [TASK] Using Redis queue backend
[2025-12-08 02:31:07] [INFO] [55F63A] [TASK] Task engine initialized
[2025-12-08 02:31:07] [INFO] [21FD97] [MODULE] Task engine loaded — async jobs active
[2025-12-08 02:31:07] [INFO] [FCF09A] [MODULE] Task.php loaded
[2025-12-08 02:31:07] [INFO] [6042F6] [CACHE] Using Redis backend
[2025-12-08 02:31:07] [INFO] [B2F21A] [CACHE] Cache system initialized
[2025-12-08 02:31:07] [INFO] [5E44C9] [MODULE] Cache engine initialized — Redis + File hybrid
[2025-12-08 02:31:07] [INFO] [B8642B] [MODULE] Cache.php loaded
[2025-12-08 02:31:07] [INFO] [976F8D] [MODULE] Router initialized — HTTP/CLI unified
[2025-12-08 02:31:07] [INFO] [506D19] [MODULE] Router.php loaded
[2025-12-08 02:31:07] [INFO] [FE8A77] ✅ DB connected successfully to 10.7.230.13:3306
[2025-12-08 02:31:07] [INFO] [8F93AF] [BOOT] Database: ✅ Connected
[2025-12-08 02:31:07] [INFO] [F8FD26] [BOOT] Redis: ✅ Connected
[2025-12-08 02:31:07] [INFO] [244C45] [BOOT] Trench City Core Ready — ENV: dev | PHP: 8.1.2-1ubuntu2.22 | Modules: 6
[2025-12-08 02:31:11] [INFO] [60AC6A] [BOOT] Logging ready for Trench City (dev @ fpm-fcgi)
[2025-12-08 02:31:11] [INFO] [74B530] ✅ Global error handlers active
[2025-12-08 02:31:11] [INFO] [3942C2] [MODULE] Auth system initialized — Redis-backed sessions active
[2025-12-08 02:31:11] [INFO] [D6FAEA] [MODULE] Auth.php loaded
[2025-12-08 02:31:11] [INFO] [4E8211] [MODULE] Model engine initialized — ORM-lite active
[2025-12-08 02:31:11] [INFO] [166A7D] [MODULE] Model.php loaded
[2025-12-08 02:31:11] [INFO] [353FAF] [EVENT] Listener attached for player.join
[2025-12-08 02:31:11] [INFO] [8E5CA5] [EVENT] Listener attached for world.tick
[2025-12-08 02:31:11] [INFO] [9A1822] [EVENT] Redis Pub/Sub active
[2025-12-08 02:31:11] [INFO] [31FA39] [EVENT] Engine initialized
[2025-12-08 02:31:11] [INFO] [0B7F46] [MODULE] Event engine initialized — live signal bus active
[2025-12-08 02:31:11] [INFO] [E25D4E] [MODULE] Event.php loaded
[2025-12-08 02:31:11] [INFO] [D67B22] [TASK] Registered task: cleanup
[2025-12-08 02:31:11] [INFO] [5E407E] [TASK] Registered task: heartbeat
[2025-12-08 02:31:11] [INFO] [EDCF6D] [TASK] Using Redis queue backend
[2025-12-08 02:31:11] [INFO] [169428] [TASK] Task engine initialized
[2025-12-08 02:31:11] [INFO] [BD6310] [MODULE] Task engine loaded — async jobs active
[2025-12-08 02:31:11] [INFO] [81FD01] [MODULE] Task.php loaded
[2025-12-08 02:31:11] [INFO] [5F1195] [CACHE] Using Redis backend
[2025-12-08 02:31:11] [INFO] [E6D42E] [CACHE] Cache system initialized
[2025-12-08 02:31:11] [INFO] [F0AE6B] [MODULE] Cache engine initialized — Redis + File hybrid
[2025-12-08 02:31:11] [INFO] [D823AE] [MODULE] Cache.php loaded
[2025-12-08 02:31:11] [INFO] [01DE32] [MODULE] Router initialized — HTTP/CLI unified
[2025-12-08 02:31:11] [INFO] [EFA645] [MODULE] Router.php loaded
[2025-12-08 02:31:11] [INFO] [12B192] ✅ DB connected successfully to 10.7.230.13:3306
[2025-12-08 02:31:11] [INFO] [D0EB6C] [BOOT] Database: ✅ Connected
[2025-12-08 02:31:11] [INFO] [8B03AA] [BOOT] Redis: ✅ Connected
[2025-12-08 02:31:11] [INFO] [38A92B] [BOOT] Trench City Core Ready — ENV: dev | PHP: 8.1.2-1ubuntu2.22 | Modules: 6
[2025-12-08 02:31:12] [INFO] [0E8631] [BOOT] Logging ready for Trench City (dev @ fpm-fcgi)
[2025-12-08 02:31:12] [INFO] [B8AB77] ✅ Global error handlers active
[2025-12-08 02:31:12] [INFO] [03ADBE] [MODULE] Auth system initialized — Redis-backed sessions active
[2025-12-08 02:31:12] [INFO] [D398C0] [MODULE] Auth.php loaded
[2025-12-08 02:31:12] [INFO] [3295CE] [MODULE] Model engine initialized — ORM-lite active
[2025-12-08 02:31:12] [INFO] [545291] [MODULE] Model.php loaded
[2025-12-08 02:31:12] [INFO] [F0E2E4] [EVENT] Listener attached for player.join
[2025-12-08 02:31:12] [INFO] [75DAC5] [EVENT] Listener attached for world.tick
[2025-12-08 02:31:12] [INFO] [8403F3] [EVENT] Redis Pub/Sub active
[2025-12-08 02:31:12] [INFO] [35FCE2] [EVENT] Engine initialized
[2025-12-08 02:31:12] [INFO] [5B56E2] [MODULE] Event engine initialized — live signal bus active
[2025-12-08 02:31:12] [INFO] [3CD3C1] [MODULE] Event.php loaded
[2025-12-08 02:31:12] [INFO] [2566E3] [TASK] Registered task: cleanup
[2025-12-08 02:31:12] [INFO] [F8C915] [TASK] Registered task: heartbeat
[2025-12-08 02:31:12] [INFO] [34B198] [TASK] Using Redis queue backend
[2025-12-08 02:31:12] [INFO] [5D76BB] [TASK] Task engine initialized
[2025-12-08 02:31:12] [INFO] [15BFAC] [MODULE] Task engine loaded — async jobs active
[2025-12-08 02:31:12] [INFO] [65C14A] [MODULE] Task.php loaded
[2025-12-08 02:31:12] [INFO] [2C85B6] [CACHE] Using Redis backend
[2025-12-08 02:31:12] [INFO] [D089A4] [CACHE] Cache system initialized
[2025-12-08 02:31:12] [INFO] [227D77] [MODULE] Cache engine initialized — Redis + File hybrid
[2025-12-08 02:31:12] [INFO] [890F44] [MODULE] Cache.php loaded
[2025-12-08 02:31:12] [INFO] [2C8F7E] [MODULE] Router initialized — HTTP/CLI unified
[2025-12-08 02:31:12] [INFO] [304272] [MODULE] Router.php loaded
[2025-12-08 02:31:12] [INFO] [85A839] ✅ DB connected successfully to 10.7.230.13:3306
[2025-12-08 02:31:12] [INFO] [802FDF] [BOOT] Database: ✅ Connected
[2025-12-08 02:31:12] [INFO] [4E8C43] [BOOT] Redis: ✅ Connected
[2025-12-08 02:31:12] [INFO] [98F9CB] [BOOT] Trench City Core Ready — ENV: dev | PHP: 8.1.2-1ubuntu2.22 | Modules: 6
[2025-12-08 02:31:12] [INFO] [E196A5] [BOOT] Logging ready for Trench City (dev @ fpm-fcgi)
[2025-12-08 02:31:12] [INFO] [2DCF7E] ✅ Global error handlers active
[2025-12-08 02:31:12] [INFO] [088381] [MODULE] Auth system initialized — Redis-backed sessions active
[2025-12-08 02:31:12] [INFO] [3188FE] [MODULE] Auth.php loaded
[2025-12-08 02:31:12] [INFO] [10DE6A] [MODULE] Model engine initialized — ORM-lite active
[2025-12-08 02:31:12] [INFO] [9B56B0] [MODULE] Model.php loaded
[2025-12-08 02:31:12] [INFO] [2F73A1] [EVENT] Listener attached for player.join
[2025-12-08 02:31:12] [INFO] [A3142C] [EVENT] Listener attached for world.tick
[2025-12-08 02:31:12] [INFO] [6AE7B9] [EVENT] Redis Pub/Sub active
[2025-12-08 02:31:12] [INFO] [F15447] [EVENT] Engine initialized
[2025-12-08 02:31:12] [INFO] [BB8978] [MODULE] Event engine initialized — live signal bus active
[2025-12-08 02:31:12] [INFO] [354322] [MODULE] Event.php loaded
[2025-12-08 02:31:12] [INFO] [AC3F3C] [TASK] Registered task: cleanup
[2025-12-08 02:31:12] [INFO] [AE70FE] [TASK] Registered task: heartbeat
[2025-12-08 02:31:12] [INFO] [E5E620] [TASK] Using Redis queue backend
[2025-12-08 02:31:12] [INFO] [324CA4] [TASK] Task engine initialized
[2025-12-08 02:31:12] [INFO] [ECDCAF] [MODULE] Task engine loaded — async jobs active
[2025-12-08 02:31:12] [INFO] [2F1C62] [MODULE] Task.php loaded
[2025-12-08 02:31:12] [INFO] [B2BB33] [CACHE] Using Redis backend
[2025-12-08 02:31:12] [INFO] [642CE0] [CACHE] Cache system initialized
[2025-12-08 02:31:12] [INFO] [E0B6BD] [MODULE] Cache engine initialized — Redis + File hybrid
[2025-12-08 02:31:12] [INFO] [7722B6] [MODULE] Cache.php loaded
[2025-12-08 02:31:12] [INFO] [6BC3BE] [MODULE] Router initialized — HTTP/CLI unified
[2025-12-08 02:31:12] [INFO] [4217B3] [MODULE] Router.php loaded
[2025-12-08 02:31:12] [INFO] [C38FED] ✅ DB connected successfully to 10.7.230.13:3306
[2025-12-08 02:31:12] [INFO] [08F5CA] [BOOT] Database: ✅ Connected
[2025-12-08 02:31:12] [INFO] [D6F0B8] [BOOT] Redis: ✅ Connected
[2025-12-08 02:31:12] [INFO] [8C6FB8] [BOOT] Trench City Core Ready — ENV: dev | PHP: 8.1.2-1ubuntu2.22 | Modules: 6
[2025-12-08 02:31:13] [INFO] [C6292C] [BOOT] Logging ready for Trench City (dev @ fpm-fcgi)
[2025-12-08 02:31:13] [INFO] [D1F1E8] ✅ Global error handlers active
[2025-12-08 02:31:13] [INFO] [986850] [MODULE] Auth system initialized — Redis-backed sessions active
[2025-12-08 02:31:13] [INFO] [084DAB] [MODULE] Auth.php loaded
[2025-12-08 02:31:13] [INFO] [775323] [MODULE] Model engine initialized — ORM-lite active
[2025-12-08 02:31:13] [INFO] [B5E185] [MODULE] Model.php loaded
[2025-12-08 02:31:13] [INFO] [4AAFAB] [EVENT] Listener attached for player.join
[2025-12-08 02:31:13] [INFO] [728872] [EVENT] Listener attached for world.tick
[2025-12-08 02:31:13] [INFO] [E7EA8E] [EVENT] Redis Pub/Sub active
[2025-12-08 02:31:13] [INFO] [88DEDB] [EVENT] Engine initialized
[2025-12-08 02:31:13] [INFO] [35B1E0] [MODULE] Event engine initialized — live signal bus active
[2025-12-08 02:31:13] [INFO] [414BC9] [MODULE] Event.php loaded
[2025-12-08 02:31:13] [INFO] [0340FE] [TASK] Registered task: cleanup
[2025-12-08 02:31:13] [INFO] [E5387F] [TASK] Registered task: heartbeat
[2025-12-08 02:31:13] [INFO] [8427BB] [TASK] Using Redis queue backend
[2025-12-08 02:31:13] [INFO] [015A91] [TASK] Task engine initialized
[2025-12-08 02:31:13] [INFO] [78E097] [MODULE] Task engine loaded — async jobs active
[2025-12-08 02:31:13] [INFO] [498C21] [MODULE] Task.php loaded
[2025-12-08 02:31:13] [INFO] [621949] [CACHE] Using Redis backend
[2025-12-08 02:31:13] [INFO] [376BF1] [CACHE] Cache system initialized
[2025-12-08 02:31:13] [INFO] [D77FF2] [MODULE] Cache engine initialized — Redis + File hybrid
[2025-12-08 02:31:13] [INFO] [6F4252] [MODULE] Cache.php loaded
[2025-12-08 02:31:13] [INFO] [353782] [MODULE] Router initialized — HTTP/CLI unified
[2025-12-08 02:31:13] [INFO] [98497E] [MODULE] Router.php loaded
[2025-12-08 02:31:13] [INFO] [EA1A76] ✅ DB connected successfully to 10.7.230.13:3306
[2025-12-08 02:31:13] [INFO] [7811F7] [BOOT] Database: ✅ Connected
[2025-12-08 02:31:13] [INFO] [50B2F2] [BOOT] Redis: ✅ Connected
[2025-12-08 02:31:13] [INFO] [40303C] [BOOT] Trench City Core Ready — ENV: dev | PHP: 8.1.2-1ubuntu2.22 | Modules: 6
[2025-12-08 02:31:15] [INFO] [8AAE88] [BOOT] Logging ready for Trench City (dev @ fpm-fcgi)
[2025-12-08 02:31:15] [INFO] [3432A8] ✅ Global error handlers active
[2025-12-08 02:31:15] [INFO] [8DC516] [MODULE] Auth system initialized — Redis-backed sessions active
[2025-12-08 02:31:15] [INFO] [EFE4A0] [MODULE] Auth.php loaded
[2025-12-08 02:31:15] [INFO] [66DB0F] [MODULE] Model engine initialized — ORM-lite active
[2025-12-08 02:31:15] [INFO] [FAC55E] [MODULE] Model.php loaded
[2025-12-08 02:31:15] [INFO] [66B7EE] [EVENT] Listener attached for player.join
[2025-12-08 02:31:15] [INFO] [F47C06] [EVENT] Listener attached for world.tick
[2025-12-08 02:31:15] [INFO] [61ADE5] [EVENT] Redis Pub/Sub active
[2025-12-08 02:31:15] [INFO] [3D7B8B] [EVENT] Engine initialized
[2025-12-08 02:31:15] [INFO] [A5C39E] [MODULE] Event engine initialized — live signal bus active
[2025-12-08 02:31:15] [INFO] [3AEF2C] [MODULE] Event.php loaded
[2025-12-08 02:31:15] [INFO] [E50C19] [TASK] Registered task: cleanup
[2025-12-08 02:31:15] [INFO] [017E9B] [TASK] Registered task: heartbeat
[2025-12-08 02:31:15] [INFO] [D0AE40] [TASK] Using Redis queue backend
[2025-12-08 02:31:15] [INFO] [B421EF] [TASK] Task engine initialized
[2025-12-08 02:31:15] [INFO] [3C3DAD] [MODULE] Task engine loaded — async jobs active
[2025-12-08 02:31:15] [INFO] [EAB967] [MODULE] Task.php loaded
[2025-12-08 02:31:15] [INFO] [B21DF6] [CACHE] Using Redis backend
[2025-12-08 02:31:15] [INFO] [9BED35] [CACHE] Cache system initialized
[2025-12-08 02:31:15] [INFO] [C8F381] [MODULE] Cache engine initialized — Redis + File hybrid
[2025-12-08 02:31:15] [INFO] [F90C31] [MODULE] Cache.php loaded
[2025-12-08 02:31:15] [INFO] [AA338B] [MODULE] Router initialized — HTTP/CLI unified
[2025-12-08 02:31:15] [INFO] [6E9584] [MODULE] Router.php loaded
[2025-12-08 02:31:15] [INFO] [AD6A86] ✅ DB connected successfully to 10.7.230.13:3306
[2025-12-08 02:31:15] [INFO] [A08A03] [BOOT] Database: ✅ Connected
[2025-12-08 02:31:15] [INFO] [C7DF45] [BOOT] Redis: ✅ Connected
[2025-12-08 02:31:15] [INFO] [9DDFD4] [BOOT] Trench City Core Ready — ENV: dev | PHP: 8.1.2-1ubuntu2.22 | Modules: 6
[2025-12-08 02:31:17] [INFO] [37E964] [BOOT] Logging ready for Trench City (dev @ fpm-fcgi)
[2025-12-08 02:31:18] [INFO] [286294] ✅ Global error handlers active
[2025-12-08 02:31:18] [INFO] [A2B759] [MODULE] Auth system initialized — Redis-backed sessions active
[2025-12-08 02:31:18] [INFO] [753182] [MODULE] Auth.php loaded
[2025-12-08 02:31:18] [INFO] [6B52A2] [MODULE] Model engine initialized — ORM-lite active
[2025-12-08 02:31:18] [INFO] [C52CE5] [MODULE] Model.php loaded
[2025-12-08 02:31:18] [INFO] [B89AA3] [EVENT] Listener attached for player.join
[2025-12-08 02:31:18] [INFO] [71312D] [EVENT] Listener attached for world.tick
[2025-12-08 02:31:18] [INFO] [C212BA] [EVENT] Redis Pub/Sub active
[2025-12-08 02:31:18] [INFO] [CD8BAD] [EVENT] Engine initialized
[2025-12-08 02:31:18] [INFO] [0DEF4B] [MODULE] Event engine initialized — live signal bus active
[2025-12-08 02:31:18] [INFO] [3EB522] [MODULE] Event.php loaded
[2025-12-08 02:31:18] [INFO] [683F62] [TASK] Registered task: cleanup
[2025-12-08 02:31:18] [INFO] [61AB22] [TASK] Registered task: heartbeat
[2025-12-08 02:31:18] [INFO] [286D69] [TASK] Using Redis queue backend
[2025-12-08 02:31:18] [INFO] [457029] [TASK] Task engine initialized
[2025-12-08 02:31:18] [INFO] [7694F5] [MODULE] Task engine loaded — async jobs active
[2025-12-08 02:31:18] [INFO] [EA735E] [MODULE] Task.php loaded
[2025-12-08 02:31:18] [INFO] [D40AE7] [CACHE] Using Redis backend
[2025-12-08 02:31:18] [INFO] [970EBE] [CACHE] Cache system initialized
[2025-12-08 02:31:18] [INFO] [3B627E] [MODULE] Cache engine initialized — Redis + File hybrid
[2025-12-08 02:31:18] [INFO] [53E4EA] [MODULE] Cache.php loaded
[2025-12-08 02:31:18] [INFO] [EA96FB] [MODULE] Router initialized — HTTP/CLI unified
[2025-12-08 02:31:18] [INFO] [47C973] [MODULE] Router.php loaded
[2025-12-08 02:31:18] [INFO] [55E92D] ✅ DB connected successfully to 10.7.230.13:3306
[2025-12-08 02:31:18] [INFO] [EFB5FF] [BOOT] Database: ✅ Connected
[2025-12-08 02:31:18] [INFO] [9688F8] [BOOT] Redis: ✅ Connected
[2025-12-08 02:31:18] [INFO] [7803CE] [BOOT] Trench City Core Ready — ENV: dev | PHP: 8.1.2-1ubuntu2.22 | Modules: 6
[2025-12-08 02:36:45] [INFO] [48A1AC] [BOOT] Logging ready for Trench City (dev @ cli)
[2025-12-08 02:36:45] [INFO] [534C1F] ✅ Global error handlers active
[2025-12-08 02:36:45] [INFO] [2A0807] [MODULE] Auth system initialized — Redis-backed sessions active
[2025-12-08 02:36:45] [INFO] [A829C3] [MODULE] Auth.php loaded
[2025-12-08 02:36:45] [INFO] [B64DC4] [MODULE] Model engine initialized — ORM-lite active
[2025-12-08 02:36:45] [INFO] [A6F237] [MODULE] Model.php loaded
[2025-12-08 02:36:45] [INFO] [4744C7] [EVENT] Listener attached for player.join
[2025-12-08 02:36:45] [INFO] [4AF6A2] [EVENT] Listener attached for world.tick
[2025-12-08 02:36:45] [INFO] [03AC6A] [EVENT] Redis Pub/Sub active
[2025-12-08 02:36:45] [INFO] [9F204C] [EVENT] Engine initialized
[2025-12-08 02:36:45] [INFO] [C99321] [MODULE] Event engine initialized — live signal bus active
[2025-12-08 02:36:45] [INFO] [4E3984] [MODULE] Event.php loaded
[2025-12-08 02:36:45] [INFO] [0D822D] [TASK] Registered task: cleanup
[2025-12-08 02:36:45] [INFO] [8B6750] [TASK] Registered task: heartbeat
[2025-12-08 02:36:45] [INFO] [E894BF] [TASK] Using Redis queue backend
[2025-12-08 02:36:45] [INFO] [094B8B] [TASK] Task engine initialized
[2025-12-08 02:36:45] [INFO] [44FFE5] [MODULE] Task engine loaded — async jobs active
[2025-12-08 02:36:45] [INFO] [E2887D] [MODULE] Task.php loaded
[2025-12-08 02:36:45] [INFO] [8B2462] [MODULE] Inspector initialized — Runtime telemetry active
[2025-12-08 02:36:45] [INFO] [A435D7] [MODULE] Inspector.php loaded
[2025-12-08 02:36:45] [INFO] [26E9D9] [CACHE] Using Redis backend
[2025-12-08 02:36:45] [INFO] [110137] [CACHE] Cache system initialized
[2025-12-08 02:36:45] [INFO] [1C7EC3] [MODULE] Cache engine initialized — Redis + File hybrid
[2025-12-08 02:36:45] [INFO] [5F3FF3] [MODULE] Cache.php loaded
[2025-12-08 02:36:45] [INFO] [9575CE] [MODULE] Router initialized — HTTP/CLI unified
[2025-12-08 02:36:45] [INFO] [561650] [MODULE] Router.php loaded
[2025-12-08 02:36:45] [INFO] [A8E78A] ✅ DB connected successfully to 10.7.230.13:3306
[2025-12-08 02:36:45] [INFO] [7F8749] [BOOT] Database: ✅ Connected
[2025-12-08 02:36:45] [INFO] [84F6C8] [BOOT] Redis: ✅ Connected
[2025-12-08 02:36:45] [INFO] [C52E55] [BOOT] Trench City Core Ready — ENV: dev | PHP: 8.1.2-1ubuntu2.22 | Modules: 7
[2025-12-08 02:36:45] [INFO] [3B303E] [ERR-20251208-F4B36A] ⚠️ [8192] Implicit conversion from float 1504.3936666666666 to int loses precision in /var/www/trenchcity/core/modules/Inspector.php:145
[2025-12-08 02:36:52] [INFO] [A5312F] [BOOT] Logging ready for Trench City (dev @ cli)
[2025-12-08 02:36:52] [INFO] [E0856C] ✅ Global error handlers active
[2025-12-08 02:36:52] [INFO] [1E179E] [MODULE] Auth system initialized — Redis-backed sessions active
[2025-12-08 02:36:52] [INFO] [8812EA] [MODULE] Auth.php loaded
[2025-12-08 02:36:52] [INFO] [5517CA] [MODULE] Model engine initialized — ORM-lite active
[2025-12-08 02:36:52] [INFO] [34580E] [MODULE] Model.php loaded
[2025-12-08 02:36:52] [INFO] [E57E69] [EVENT] Listener attached for player.join
[2025-12-08 02:36:52] [INFO] [7E1932] [EVENT] Listener attached for world.tick
[2025-12-08 02:36:52] [INFO] [A864BE] [EVENT] Redis Pub/Sub active
[2025-12-08 02:36:52] [INFO] [9659D6] [EVENT] Engine initialized
[2025-12-08 02:36:52] [INFO] [818510] [MODULE] Event engine initialized — live signal bus active
[2025-12-08 02:36:52] [INFO] [54B0DC] [MODULE] Event.php loaded
[2025-12-08 02:36:52] [INFO] [6303ED] [TASK] Registered task: cleanup
[2025-12-08 02:36:52] [INFO] [E17B43] [TASK] Registered task: heartbeat
[2025-12-08 02:36:52] [INFO] [B1122F] [TASK] Using Redis queue backend
[2025-12-08 02:36:52] [INFO] [422F0B] [TASK] Task engine initialized
[2025-12-08 02:36:52] [INFO] [D79F81] [MODULE] Task engine loaded — async jobs active
[2025-12-08 02:36:52] [INFO] [CA7858] [MODULE] Task.php loaded
[2025-12-08 02:36:52] [INFO] [E2862C] [MODULE] Inspector initialized — Runtime telemetry active
[2025-12-08 02:36:52] [INFO] [228A14] [MODULE] Inspector.php loaded
[2025-12-08 02:36:52] [INFO] [D32C3D] [CACHE] Using Redis backend
[2025-12-08 02:36:52] [INFO] [FECE0F] [CACHE] Cache system initialized
[2025-12-08 02:36:52] [INFO] [8B6253] [MODULE] Cache engine initialized — Redis + File hybrid
[2025-12-08 02:36:52] [INFO] [637593] [MODULE] Cache.php loaded
[2025-12-08 02:36:52] [INFO] [9320F1] [MODULE] Router initialized — HTTP/CLI unified
[2025-12-08 02:36:52] [INFO] [108558] [MODULE] Router.php loaded
[2025-12-08 02:36:52] [INFO] [FC6D98] ✅ DB connected successfully to 10.7.230.13:3306
[2025-12-08 02:36:52] [INFO] [EFD8FC] [BOOT] Database: ✅ Connected
[2025-12-08 02:36:52] [INFO] [2B8915] [BOOT] Redis: ✅ Connected
[2025-12-08 02:36:52] [INFO] [F4C919] [BOOT] Trench City Core Ready — ENV: dev | PHP: 8.1.2-1ubuntu2.22 | Modules: 7
[2025-12-08 02:36:52] [INFO] [A6A4B1] [ERR-20251208-5E5130] ⚠️ [8192] Implicit conversion from float 1504.5053333333335 to int loses precision in /var/www/trenchcity/core/modules/Inspector.php:145
[2025-12-08 02:46:15] [INFO] [3666EA] [BOOT] Logging ready for Trench City (dev @ cli)
[2025-12-08 02:46:15] [INFO] [03ABFD] ✅ Global error handlers active
[2025-12-08 02:46:15] [INFO] [B8350C] [MODULE] Auth system initialized — Redis-backed sessions active
[2025-12-08 02:46:15] [INFO] [8E3D45] [MODULE] Auth.php loaded
[2025-12-08 02:46:15] [INFO] [CB7DEA] [MODULE] Docs.php loaded
[2025-12-08 02:46:15] [INFO] [80365A] [MODULE] Model engine initialized — ORM-lite active
[2025-12-08 02:46:15] [INFO] [925E3D] [MODULE] Model.php loaded
[2025-12-08 02:46:15] [INFO] [893D71] [EVENT] Listener attached for player.join
[2025-12-08 02:46:15] [INFO] [86F9B8] [EVENT] Listener attached for world.tick
[2025-12-08 02:46:15] [INFO] [CB92F1] [EVENT] Redis Pub/Sub active
[2025-12-08 02:46:15] [INFO] [310E50] [EVENT] Engine initialized
[2025-12-08 02:46:15] [INFO] [4D1952] [MODULE] Event engine initialized — live signal bus active
[2025-12-08 02:46:15] [INFO] [85B889] [MODULE] Event.php loaded
[2025-12-08 02:46:15] [INFO] [35ADB6] [TASK] Registered task: cleanup
[2025-12-08 02:46:15] [INFO] [451513] [TASK] Registered task: heartbeat
[2025-12-08 02:46:15] [INFO] [F049C5] [TASK] Using Redis queue backend
[2025-12-08 02:46:15] [INFO] [B7CC90] [TASK] Task engine initialized
[2025-12-08 02:46:15] [INFO] [E347BB] [MODULE] Task engine loaded — async jobs active
[2025-12-08 02:46:15] [INFO] [B3C522] [MODULE] Task.php loaded
[2025-12-08 02:46:15] [INFO] [EBBFE8] [MODULE] Inspector initialized — Runtime telemetry active
[2025-12-08 02:46:15] [INFO] [AEEB7D] [MODULE] Inspector.php loaded
[2025-12-08 02:46:15] [INFO] [3354C0] [CACHE] Using Redis backend
[2025-12-08 02:46:15] [INFO] [04E183] [CACHE] Cache system initialized
[2025-12-08 02:46:15] [INFO] [38CB02] [MODULE] Cache engine initialized — Redis + File hybrid
[2025-12-08 02:46:15] [INFO] [883447] [MODULE] Cache.php loaded
[2025-12-08 02:46:15] [INFO] [FF00DC] [MODULE] Router initialized — HTTP/CLI unified
[2025-12-08 02:46:15] [INFO] [AF85BC] [MODULE] Router.php loaded
[2025-12-08 02:46:15] [INFO] [51315D] ✅ DB connected successfully to 10.7.230.13:3306
[2025-12-08 02:46:15] [INFO] [81315E] [BOOT] Database: ✅ Connected
[2025-12-08 02:46:15] [INFO] [B1014E] [BOOT] Redis: ✅ Connected
[2025-12-08 02:46:15] [INFO] [22D43D] [BOOT] Trench City Core Ready — ENV: dev | PHP: 8.1.2-1ubuntu2.22 | Modules: 8
[2025-12-08 02:46:15] [INFO] [170A77] [DOCS] Generated API documentation → /var/www/trenchcity/storage/docs/api.json
[2025-12-08 02:46:15] [INFO] [43E849] [DOCS] Parsed 24 files successfully
[2025-12-08 02:54:37] [INFO] [AF0011] [BOOT] Logging ready for Trench City (dev @ cli)
[2025-12-08 02:54:37] [INFO] [403EF2] ✅ Global error handlers active
[2025-12-08 02:54:37] [INFO] [10A70D] [MODULE] ConfigManager.php loaded
[2025-12-08 02:54:37] [INFO] [5BE76A] [MODULE] Auth system initialized — Redis-backed sessions active
[2025-12-08 02:54:37] [INFO] [DC87F4] [MODULE] Auth.php loaded
[2025-12-08 02:54:37] [INFO] [C6500A] [MODULE] Docs initialized — PHPDoc parser active
[2025-12-08 02:54:37] [INFO] [127243] [MODULE] Docs.php loaded
[2025-12-08 02:54:37] [INFO] [6DD14A] [MODULE] Model engine initialized — ORM-lite active
[2025-12-08 02:54:37] [INFO] [90AD99] [MODULE] Model.php loaded
[2025-12-08 02:54:37] [INFO] [B9DA0C] [EVENT] Listener attached for player.join
[2025-12-08 02:54:37] [INFO] [A80BC2] [EVENT] Listener attached for world.tick
[2025-12-08 02:54:37] [INFO] [854524] [EVENT] Redis Pub/Sub active
[2025-12-08 02:54:37] [INFO] [BE2A7D] [EVENT] Engine initialized
[2025-12-08 02:54:37] [INFO] [39A81B] [MODULE] Event engine initialized — live signal bus active
[2025-12-08 02:54:37] [INFO] [0B8CF2] [MODULE] Event.php loaded
[2025-12-08 02:54:37] [INFO] [6925E6] [TASK] Registered task: cleanup
[2025-12-08 02:54:37] [INFO] [D82A46] [TASK] Registered task: heartbeat
[2025-12-08 02:54:37] [INFO] [6EBEC7] [TASK] Using Redis queue backend
[2025-12-08 02:54:37] [INFO] [20BD21] [TASK] Task engine initialized
[2025-12-08 02:54:37] [INFO] [D53481] [MODULE] Task engine loaded — async jobs active
[2025-12-08 02:54:37] [INFO] [0C2E1C] [MODULE] Task.php loaded
[2025-12-08 02:54:37] [INFO] [23E3C5] [MODULE] Inspector initialized — Runtime telemetry active
[2025-12-08 02:54:37] [INFO] [F87070] [MODULE] Inspector.php loaded
[2025-12-08 02:54:37] [INFO] [1E1AF9] [CACHE] Using Redis backend
[2025-12-08 02:54:37] [INFO] [F66AAA] [CACHE] Cache system initialized
[2025-12-08 02:54:37] [INFO] [E9FEB5] [MODULE] Cache engine initialized — Redis + File hybrid
[2025-12-08 02:54:37] [INFO] [3BA0EF] [MODULE] Cache.php loaded
[2025-12-08 02:54:37] [INFO] [938917] [MODULE] Router initialized — HTTP/CLI unified
[2025-12-08 02:54:37] [INFO] [E539B9] [MODULE] Router.php loaded
[2025-12-08 02:54:37] [INFO] [485859] ✅ DB connected successfully to 10.7.230.13:3306
[2025-12-08 02:54:37] [INFO] [12FCCA] [BOOT] Database: ✅ Connected
[2025-12-08 02:54:37] [INFO] [5C77D2] [BOOT] Redis: ✅ Connected
[2025-12-08 02:54:37] [INFO] [B6547A] [BOOT] Trench City Core Ready — ENV: dev | PHP: 8.1.2-1ubuntu2.22 | Modules: 9
[2025-12-08 02:54:37] [INFO] [634633] [ERR-20251208-788D33] ⚠️ [2] file_put_contents(/var/www/trenchcity/storage/logs/fatal-2025-12-08.log): Failed to open stream: Permission denied in /var/www/trenchcity/core/log.php:40
[2025-12-08 02:54:37] [INFO] [99C68F] [ERR-20251208-D15D7B] ⚠️ [2] file_put_contents(/var/www/trenchcity/storage/logs/fatal-2025-12-08.log): Failed to open stream: Permission denied in /var/www/trenchcity/core/log.php:45
[2025-12-08 02:57:43] [INFO] [15F3D9] [BOOT] Logging ready for Trench City (dev @ cli)
[2025-12-08 02:57:43] [INFO] [A9C25C] ✅ Global error handlers active
[2025-12-08 02:57:43] [INFO] [AAFAB7] [MODULE] ConfigManager.php loaded
[2025-12-08 02:57:43] [INFO] [5E561C] [MODULE] Auth system initialized — Redis-backed sessions active
[2025-12-08 02:57:43] [INFO] [9DEFB3] [MODULE] Auth.php loaded
[2025-12-08 02:57:43] [INFO] [3BC49B] [MODULE] Docs initialized — PHPDoc parser active
[2025-12-08 02:57:43] [INFO] [DD503F] [MODULE] Docs.php loaded
[2025-12-08 02:57:43] [INFO] [D138DE] [MODULE] Model engine initialized — ORM-lite active
[2025-12-08 02:57:43] [INFO] [DDB5A4] [MODULE] Model.php loaded
[2025-12-08 02:57:43] [INFO] [EC97D9] [EVENT] Listener attached for player.join
[2025-12-08 02:57:43] [INFO] [83541F] [EVENT] Listener attached for world.tick
[2025-12-08 02:57:43] [INFO] [0D006D] [EVENT] Redis Pub/Sub active
[2025-12-08 02:57:43] [INFO] [27A072] [EVENT] Engine initialized
[2025-12-08 02:57:43] [INFO] [587EE3] [MODULE] Event engine initialized — live signal bus active
[2025-12-08 02:57:43] [INFO] [063126] [MODULE] Event.php loaded
[2025-12-08 02:57:43] [INFO] [D6F3BE] [TASK] Registered task: cleanup
[2025-12-08 02:57:43] [INFO] [C5CF88] [TASK] Registered task: heartbeat
[2025-12-08 02:57:43] [INFO] [9D1DBE] [TASK] Using Redis queue backend
[2025-12-08 02:57:43] [INFO] [EE78B8] [TASK] Task engine initialized
[2025-12-08 02:57:43] [INFO] [58DA59] [MODULE] Task engine loaded — async jobs active
[2025-12-08 02:57:43] [INFO] [2E48E3] [MODULE] Task.php loaded
[2025-12-08 02:57:43] [INFO] [22A1F7] [MODULE] Inspector initialized — Runtime telemetry active
[2025-12-08 02:57:43] [INFO] [6A12CE] [MODULE] Inspector.php loaded
[2025-12-08 02:57:43] [INFO] [357A65] [CACHE] Using Redis backend
[2025-12-08 02:57:43] [INFO] [1E6A9A] [CACHE] Cache system initialized
[2025-12-08 02:57:43] [INFO] [0C8238] [MODULE] Cache engine initialized — Redis + File hybrid
[2025-12-08 02:57:43] [INFO] [BE7257] [MODULE] Cache.php loaded
[2025-12-08 02:57:43] [INFO] [14A703] [MODULE] Router initialized — HTTP/CLI unified
[2025-12-08 02:57:43] [INFO] [C19581] [MODULE] Router.php loaded
[2025-12-08 02:57:43] [INFO] [5A84E4] ✅ DB connected successfully to 10.7.230.13:3306
[2025-12-08 02:57:43] [INFO] [30F3EB] [BOOT] Database: ✅ Connected
[2025-12-08 02:57:43] [INFO] [F1DB2E] [BOOT] Redis: ✅ Connected
[2025-12-08 02:57:43] [INFO] [CA93BE] [BOOT] Trench City Core Ready — ENV: dev | PHP: 8.1.2-1ubuntu2.22 | Modules: 9
[2025-12-08 02:57:43] [INFO] [19ECFE] [ERR-20251208-DD4BEA] ⚠️ [2] file_put_contents(/var/www/trenchcity/storage/logs/fatal-2025-12-08.log): Failed to open stream: Permission denied in /var/www/trenchcity/core/log.php:40
[2025-12-08 02:57:43] [INFO] [536705] [ERR-20251208-1E5D60] ⚠️ [2] file_put_contents(/var/www/trenchcity/storage/logs/fatal-2025-12-08.log): Failed to open stream: Permission denied in /var/www/trenchcity/core/log.php:45
[2025-12-08 02:57:46] [INFO] [382534] [BOOT] Logging ready for Trench City (dev @ cli)
[2025-12-08 02:57:46] [INFO] [AEB133] ✅ Global error handlers active
[2025-12-08 02:57:46] [INFO] [2F52E5] [MODULE] ConfigManager.php loaded
[2025-12-08 02:57:46] [INFO] [CDBE56] [MODULE] Auth system initialized — Redis-backed sessions active
[2025-12-08 02:57:46] [INFO] [E0B761] [MODULE] Auth.php loaded
[2025-12-08 02:57:46] [INFO] [0A9123] [MODULE] Docs initialized — PHPDoc parser active
[2025-12-08 02:57:46] [INFO] [6EA005] [MODULE] Docs.php loaded
[2025-12-08 02:57:46] [INFO] [7BAB86] [MODULE] Model engine initialized — ORM-lite active
[2025-12-08 02:57:46] [INFO] [CF9829] [MODULE] Model.php loaded
[2025-12-08 02:57:46] [INFO] [38B504] [EVENT] Listener attached for player.join
[2025-12-08 02:57:46] [INFO] [171DB8] [EVENT] Listener attached for world.tick
[2025-12-08 02:57:46] [INFO] [62E6FF] [EVENT] Redis Pub/Sub active
[2025-12-08 02:57:46] [INFO] [C85EC4] [EVENT] Engine initialized
[2025-12-08 02:57:46] [INFO] [F96A00] [MODULE] Event engine initialized — live signal bus active
[2025-12-08 02:57:46] [INFO] [0751F6] [MODULE] Event.php loaded
[2025-12-08 02:57:46] [INFO] [668172] [TASK] Registered task: cleanup
[2025-12-08 02:57:46] [INFO] [4FCEF3] [TASK] Registered task: heartbeat
[2025-12-08 02:57:46] [INFO] [1ED552] [TASK] Using Redis queue backend
[2025-12-08 02:57:46] [INFO] [EAB268] [TASK] Task engine initialized
[2025-12-08 02:57:46] [INFO] [A2E241] [MODULE] Task engine loaded — async jobs active
[2025-12-08 02:57:46] [INFO] [47BA38] [MODULE] Task.php loaded
[2025-12-08 02:57:46] [INFO] [84A0C4] [MODULE] Inspector initialized — Runtime telemetry active
[2025-12-08 02:57:46] [INFO] [091FD9] [MODULE] Inspector.php loaded
[2025-12-08 02:57:46] [INFO] [78A2A4] [CACHE] Using Redis backend
[2025-12-08 02:57:46] [INFO] [E06A0C] [CACHE] Cache system initialized
[2025-12-08 02:57:46] [INFO] [82EBFD] [MODULE] Cache engine initialized — Redis + File hybrid
[2025-12-08 02:57:46] [INFO] [B86DAB] [MODULE] Cache.php loaded
[2025-12-08 02:57:46] [INFO] [373920] [MODULE] Router initialized — HTTP/CLI unified
[2025-12-08 02:57:46] [INFO] [F69F65] [MODULE] Router.php loaded
[2025-12-08 02:57:46] [INFO] [3533EA] ✅ DB connected successfully to 10.7.230.13:3306
[2025-12-08 02:57:46] [INFO] [C565CC] [BOOT] Database: ✅ Connected
[2025-12-08 02:57:46] [INFO] [75ABBA] [BOOT] Redis: ✅ Connected
[2025-12-08 02:57:46] [INFO] [74FBDE] [BOOT] Trench City Core Ready — ENV: dev | PHP: 8.1.2-1ubuntu2.22 | Modules: 9
[2025-12-08 02:57:46] [INFO] [3D1BBB] [ERR-20251208-DCA157] ⚠️ [2] file_put_contents(/var/www/trenchcity/storage/logs/fatal-2025-12-08.log): Failed to open stream: Permission denied in /var/www/trenchcity/core/log.php:40
[2025-12-08 02:57:46] [INFO] [D9418E] [ERR-20251208-B0DC84] ⚠️ [2] file_put_contents(/var/www/trenchcity/storage/logs/fatal-2025-12-08.log): Failed to open stream: Permission denied in /var/www/trenchcity/core/log.php:45
[2025-12-08 02:57:51] [INFO] [0AB696] [BOOT] Logging ready for Trench City (dev @ cli)
[2025-12-08 02:57:51] [INFO] [305E94] ✅ Global error handlers active
[2025-12-08 02:57:51] [INFO] [0019D4] [MODULE] ConfigManager.php loaded
[2025-12-08 02:57:51] [INFO] [934956] [MODULE] Auth system initialized — Redis-backed sessions active
[2025-12-08 02:57:51] [INFO] [9F0198] [MODULE] Auth.php loaded
[2025-12-08 02:57:51] [INFO] [107DEC] [MODULE] Docs initialized — PHPDoc parser active
[2025-12-08 02:57:51] [INFO] [F899C3] [MODULE] Docs.php loaded
[2025-12-08 02:57:51] [INFO] [EC4F74] [MODULE] Model engine initialized — ORM-lite active
[2025-12-08 02:57:51] [INFO] [0AD7CD] [MODULE] Model.php loaded
[2025-12-08 02:57:51] [INFO] [AF0F29] [EVENT] Listener attached for player.join
[2025-12-08 02:57:51] [INFO] [FB1D9A] [EVENT] Listener attached for world.tick
[2025-12-08 02:57:51] [INFO] [4ED6A4] [EVENT] Redis Pub/Sub active
[2025-12-08 02:57:51] [INFO] [E2B139] [EVENT] Engine initialized
[2025-12-08 02:57:51] [INFO] [AF6907] [MODULE] Event engine initialized — live signal bus active
[2025-12-08 02:57:51] [INFO] [80A025] [MODULE] Event.php loaded
[2025-12-08 02:57:51] [INFO] [195F35] [TASK] Registered task: cleanup
[2025-12-08 02:57:51] [INFO] [45AF92] [TASK] Registered task: heartbeat
[2025-12-08 02:57:51] [INFO] [3E2067] [TASK] Using Redis queue backend
[2025-12-08 02:57:51] [INFO] [CC76B1] [TASK] Task engine initialized
[2025-12-08 02:57:51] [INFO] [4642D7] [MODULE] Task engine loaded — async jobs active
[2025-12-08 02:57:51] [INFO] [FADD2A] [MODULE] Task.php loaded
[2025-12-08 02:57:51] [INFO] [E97C3E] [MODULE] Inspector initialized — Runtime telemetry active
[2025-12-08 02:57:51] [INFO] [91BDAA] [MODULE] Inspector.php loaded
[2025-12-08 02:57:51] [INFO] [2DBA8D] [CACHE] Using Redis backend
[2025-12-08 02:57:51] [INFO] [F763C1] [CACHE] Cache system initialized
[2025-12-08 02:57:51] [INFO] [756CC0] [MODULE] Cache engine initialized — Redis + File hybrid
[2025-12-08 02:57:51] [INFO] [D389A7] [MODULE] Cache.php loaded
[2025-12-08 02:57:51] [INFO] [35B64D] [MODULE] Router initialized — HTTP/CLI unified
[2025-12-08 02:57:51] [INFO] [B06C3A] [MODULE] Router.php loaded
[2025-12-08 02:57:51] [INFO] [579BAF] ✅ DB connected successfully to 10.7.230.13:3306
[2025-12-08 02:57:51] [INFO] [DD8232] [BOOT] Database: ✅ Connected
[2025-12-08 02:57:51] [INFO] [4D70DA] [BOOT] Redis: ✅ Connected
[2025-12-08 02:57:51] [INFO] [9A2C35] [BOOT] Trench City Core Ready — ENV: dev | PHP: 8.1.2-1ubuntu2.22 | Modules: 9
[2025-12-08 02:57:51] [INFO] [E1D3CF] [ERR-20251208-2EE0BA] ⚠️ [2] file_put_contents(/var/www/trenchcity/storage/logs/fatal-2025-12-08.log): Failed to open stream: Permission denied in /var/www/trenchcity/core/log.php:40
[2025-12-08 02:57:51] [INFO] [464ACE] [ERR-20251208-48B7FC] ⚠️ [2] file_put_contents(/var/www/trenchcity/storage/logs/fatal-2025-12-08.log): Failed to open stream: Permission denied in /var/www/trenchcity/core/log.php:45
[2025-12-08 03:03:13] [INFO] [6F5647] [BOOT] Logging ready for Trench City (dev @ cli)
[2025-12-08 03:03:13] [INFO] [25A8DA] ✅ Global error handlers active
[2025-12-08 03:03:13] [INFO] [6B5FFE] [MODULE] ConfigManager.php loaded
[2025-12-08 03:03:13] [INFO] [66D41C] [MODULE] Auth system initialized — Redis-backed sessions active
[2025-12-08 03:03:13] [INFO] [663BEE] [MODULE] Auth.php loaded
[2025-12-08 03:03:13] [INFO] [024994] [MODULE] Docs initialized — PHPDoc parser active
[2025-12-08 03:03:13] [INFO] [4EF96A] [MODULE] Docs.php loaded
[2025-12-08 03:03:13] [INFO] [7AB9C4] [MODULE] Model engine initialized — ORM-lite active
[2025-12-08 03:03:13] [INFO] [2E517A] [MODULE] Model.php loaded
[2025-12-08 03:03:13] [INFO] [FA4BCC] [EVENT] Listener attached for player.join
[2025-12-08 03:03:13] [INFO] [BD4E84] [EVENT] Listener attached for world.tick
[2025-12-08 03:03:13] [INFO] [5786F0] [EVENT] Redis Pub/Sub active
[2025-12-08 03:03:13] [INFO] [BFB057] [EVENT] Engine initialized
[2025-12-08 03:03:13] [INFO] [BA4D09] [MODULE] Event engine initialized — live signal bus active
[2025-12-08 03:03:13] [INFO] [B8E131] [MODULE] Event.php loaded
[2025-12-08 03:03:13] [INFO] [4FFE29] [TASK] Registered task: cleanup
[2025-12-08 03:03:13] [INFO] [B78780] [TASK] Registered task: heartbeat
[2025-12-08 03:03:13] [INFO] [FA5B68] [TASK] Using Redis queue backend
[2025-12-08 03:03:13] [INFO] [46C001] [TASK] Task engine initialized
[2025-12-08 03:03:13] [INFO] [E347E7] [MODULE] Task engine loaded — async jobs active
[2025-12-08 03:03:13] [INFO] [EA6C10] [MODULE] Task.php loaded
[2025-12-08 03:03:13] [INFO] [748BE7] [MODULE] Inspector initialized — Runtime telemetry active
[2025-12-08 03:03:13] [INFO] [512A73] [MODULE] Inspector.php loaded
[2025-12-08 03:03:13] [INFO] [707D79] [CACHE] Using Redis backend
[2025-12-08 03:03:13] [INFO] [E3C72D] [CACHE] Cache system initialized
[2025-12-08 03:03:13] [INFO] [4D5083] [MODULE] Cache engine initialized — Redis + File hybrid
[2025-12-08 03:03:13] [INFO] [5F2B90] [MODULE] Cache.php loaded
[2025-12-08 03:03:13] [INFO] [4FC590] [MODULE] Router initialized — HTTP/CLI unified
[2025-12-08 03:03:13] [INFO] [D9BA65] [MODULE] Router.php loaded
[2025-12-08 03:03:13] [INFO] [29D5CA] ✅ DB connected successfully to 10.7.230.13:3306
[2025-12-08 03:03:13] [INFO] [63F91E] [BOOT] Database: ✅ Connected
[2025-12-08 03:03:13] [INFO] [A86AF9] [BOOT] Redis: ✅ Connected
[2025-12-08 03:03:13] [INFO] [75EA0C] [BOOT] Trench City Core Ready — ENV: dev | PHP: 8.1.2-1ubuntu2.22 | Modules: 9
