[2025-12-08 00:27:06] [WARN] [146E84] [AUDIT] duplicate in /var/www/trenchcity/core/constants.php, /var/www/trenchcity/core/env.php → Function 'env' redeclared
[2025-12-08 00:27:06] [WARN] [7F6759] [AUDIT SUMMARY] 28 file(s) scanned, 1 issue(s) found.
[2025-12-08 00:52:28] [WARN] [7CE2DC] [BOOTSTRAP] No /modules directory found (skipped modular load)
[2025-12-08 00:55:52] [WARN] [422066] [BOOTSTRAP] No /modules directory found — skipping modular load
[2025-12-08 00:59:11] [WARN] [918906] [BOOTSTRAP] No /modules directory found — skipping modular load
[2025-12-08 00:59:17] [WARN] [12A58E] [BOOTSTRAP] No /modules directory found — skipping modular load
[2025-12-08 00:59:22] [WARN] [1DB8D1] [BOOTSTRAP] No /modules directory found — skipping modular load
[2025-12-08 00:59:23] [WARN] [841F46] [BOOTSTRAP] No /modules directory found — skipping modular load
[2025-12-08 00:59:45] [WARN] [85CD92] [BOOTSTRAP] No /modules directory found — skipping modular load
[2025-12-08 01:01:22] [WARN] [A37717] [ROUTER] No route for CLI /
[2025-12-08 01:03:25] [WARN] [61E36E] [ROUTER] No route for CLI /test
[2025-12-08 01:03:27] [WARN] [747509] [ROUTER] No route for CLI /test
[2025-12-08 01:05:36] [WARN] [F0089E] [ROUTER] No route for CLI /
[2025-12-08 01:39:48] [WARN] [819834] [BOOTSTRAP] ⚠️ No valid PHP modules found in /var/www/trenchcity/core/modules
[2025-12-08 01:39:49] [WARN] [D10498] [BOOTSTRAP] ⚠️ No valid PHP modules found in /var/www/trenchcity/core/modules
[2025-12-08 01:39:50] [WARN] [C9CFC9] [BOOTSTRAP] ⚠️ No valid PHP modules found in /var/www/trenchcity/core/modules
[2025-12-08 01:39:51] [WARN] [EDAA9B] [BOOTSTRAP] ⚠️ No valid PHP modules found in /var/www/trenchcity/core/modules
[2025-12-08 01:39:55] [WARN] [D87422] [BOOTSTRAP] ⚠️ No valid PHP modules found in /var/www/trenchcity/core/modules
[2025-12-08 01:39:56] [WARN] [530D01] [BOOTSTRAP] ⚠️ No valid PHP modules found in /var/www/trenchcity/core/modules
[2025-12-08 01:39:56] [WARN] [4855C0] [BOOTSTRAP] ⚠️ No valid PHP modules found in /var/www/trenchcity/core/modules
[2025-12-08 01:39:57] [WARN] [D3BC2B] [BOOTSTRAP] ⚠️ No valid PHP modules found in /var/www/trenchcity/core/modules
[2025-12-08 01:39:57] [WARN] [32B02B] [BOOTSTRAP] ⚠️ No valid PHP modules found in /var/www/trenchcity/core/modules
[2025-12-08 01:39:58] [WARN] [C9A862] [BOOTSTRAP] ⚠️ No valid PHP modules found in /var/www/trenchcity/core/modules
[2025-12-08 01:39:58] [WARN] [B244A2] [BOOTSTRAP] ⚠️ No valid PHP modules found in /var/www/trenchcity/core/modules
[2025-12-08 01:39:58] [WARN] [D523B7] [BOOTSTRAP] ⚠️ No valid PHP modules found in /var/www/trenchcity/core/modules
[2025-12-08 01:39:58] [WARN] [E436CA] [BOOTSTRAP] ⚠️ No valid PHP modules found in /var/www/trenchcity/core/modules
[2025-12-08 01:39:59] [WARN] [2A5BAD] [BOOTSTRAP] ⚠️ No valid PHP modules found in /var/www/trenchcity/core/modules
[2025-12-08 01:40:01] [WARN] [69DD19] [BOOTSTRAP] ⚠️ No valid PHP modules found in /var/www/trenchcity/core/modules
[2025-12-08 01:40:10] [WARN] [D06BCD] [BOOTSTRAP] ⚠️ No valid PHP modules found in /var/www/trenchcity/core/modules
[2025-12-08 01:44:54] [WARN] [02319D] [BOOTSTRAP] ⚠️ No valid PHP modules found in /var/www/trenchcity/core/modules
[2025-12-08 01:45:04] [WARN] [8AF718] [BOOTSTRAP] ⚠️ No valid PHP modules found in /var/www/trenchcity/core/modules
[2025-12-08 01:50:22] [WARN] [D52D14] [BOOTSTRAP] ⚠️ No PHP modules loaded from /var/www/trenchcity/core/modules
[2025-12-08 01:50:32] [WARN] [4F5D43] [BOOTSTRAP] ⚠️ No PHP modules loaded from /var/www/trenchcity/core/modules
